#
# A fatal error has been detected by the Java Runtime Environment:
#
#  EXCEPTION_ACCESS_VIOLATION (0xc0000005) at pc=0x00000000288b2b1b, pid=3020, tid=10016
#
# JRE version: Java(TM) SE Runtime Environment (8.0_51-b16) (build 1.8.0_51-b16)
# Java VM: Java HotSpot(TM) 64-Bit Server VM (25.51-b03 mixed mode windows-amd64 compressed oops)
# Problematic frame:
# C  [OpenAL64.dll+0x2b1b]
#
# Failed to write core dump. Minidumps are not enabled by default on client versions of Windows
#
# If you would like to submit a bug report, please visit:
#   http://bugreport.java.com/bugreport/crash.jsp
# The crash happened outside the Java Virtual Machine in native code.
# See problematic frame for where to report the bug.
#

---------------  T H R E A D  ---------------

Current thread (0x000000002b007800):  JavaThread "Thread-6" [_thread_in_native, id=10016, stack(0x000000003a1b0000,0x000000003a2b0000)]

siginfo: ExceptionCode=0xc0000005, reading address 0x00000000aa62d040

Registers:
RAX=0x0000000000001406, RBX=0x00000000852098f0, RCX=0x0000000000000002, RDX=0x00000000aa62d040
RSP=0x000000003a2aea08, RBP=0x0000000000001402, RSI=0x0000000000000002, RDI=0x00000000000a2000
R8 =0x0000000000000002, R9 =0x00000000000a2000, R10=0x00000000000a2000, R11=0x00000000aa8cd040
R12=0x0000000000001501, R13=0x0000000000001501, R14=0x0000000085209924, R15=0x0000000000001402
RIP=0x00000000288b2b1b, EFLAGS=0x0000000000010202

Top of Stack: (sp=0x000000003a2aea08)
0x000000003a2aea08:   00000000288b6eb1 0000000000288000
0x000000003a2aea18:   00000000288d575b 0000000000000000
0x000000003a2aea28:   0000000000288000 000000003a2af2e8
0x000000003a2aea38:   00000000288b7cf9 0000000000000000
0x000000003a2aea48:   00000000288d4a82 0000000000288000
0x000000003a2aea58:   0000000000000002 00000000000a2000
0x000000003a2aea68:   000000003a2aeb29 00000000000a2000
0x000000003a2aea78:   00000000288b88c1 00000000852098f0
0x000000003a2aea88:   0000000000000002 0000000042840114
0x000000003a2aea98:   00000000288cb42f 0000000000000002
0x000000003a2aeaa8:   00000000000a2000 0000140200000002
0x000000003a2aeab8:   0000000000288000 000000002b007800
0x000000003a2aeac8:   000000003a2aec18 00000000aa62d040
0x000000003a2aead8:   00000000852098f0 0000000000288000
0x000000003a2aeae8:   000000000000ac44 0000000000001103
0x000000003a2aeaf8:   00000000288b8a8a 00000000453d83c0 

Instructions: (pc=0x00000000288b2b1b)
0x00000000288b2afb:   83 ea 01 75 d7 49 83 e9 01 75 c9 f3 c3 4c 8b d9
0x00000000288b2b0b:   45 85 c9 74 26 45 8b d1 45 85 c0 74 18 41 8b c8
0x00000000288b2b1b:   0f b7 02 48 83 c2 02 66 41 89 03 49 83 c3 02 48
0x00000000288b2b2b:   83 e9 01 75 eb 49 83 ea 01 75 dd f3 c3 4c 8b d9 


Register to memory mapping:

RAX=0x0000000000001406 is an unknown value
RBX=0x00000000852098f0 is an unknown value
RCX=0x0000000000000002 is an unknown value
RDX=0x00000000aa62d040 is an unknown value
RSP=0x000000003a2aea08 is pointing into the stack for thread: 0x000000002b007800
RBP=0x0000000000001402 is an unknown value
RSI=0x0000000000000002 is an unknown value
RDI=0x00000000000a2000 is pointing into the stack for thread: 0x0000000027717000
R8 =0x0000000000000002 is an unknown value
R9 =0x00000000000a2000 is pointing into the stack for thread: 0x0000000027717000
R10=0x00000000000a2000 is pointing into the stack for thread: 0x0000000027717000
R11=0x00000000aa8cd040 is an unknown value
R12=0x0000000000001501 is an unknown value
R13=0x0000000000001501 is an unknown value
R14=0x0000000085209924 is an unknown value
R15=0x0000000000001402 is an unknown value


Stack: [0x000000003a1b0000,0x000000003a2b0000],  sp=0x000000003a2aea08,  free space=1018k
Native frames: (J=compiled Java code, j=interpreted, Vv=VM code, C=native code)
C  [OpenAL64.dll+0x2b1b]

Java frames: (J=compiled Java code, j=interpreted, Vv=VM code)
J 27620  org.lwjgl.openal.AL10.nalBufferData(IIJII)V (0 bytes) @ 0x00000000050c0096 [0x00000000050c0040+0x56]
J 27619 C1 org.lwjgl.openal.AL10.alBufferData(IILjava/nio/ByteBuffer;I)V (19 bytes) @ 0x00000000050c08d4 [0x00000000050c0460+0x474]
j  paulscode.sound.libraries.LibraryLWJGLOpenAL.loadSound(Lpaulscode/sound/FilenameURL;)Z+479
J 26571 C1 paulscode.sound.libraries.LibraryLWJGLOpenAL.newSource(ZZZLjava/lang/String;Lpaulscode/sound/FilenameURL;FFFIF)V (348 bytes) @ 0x00000000075fdb6c [0x00000000075fd800+0x36c]
J 26718 C2 paulscode.sound.SoundSystem.CommandQueue(Lpaulscode/sound/CommandObject;)Z (1389 bytes) @ 0x0000000007c29370 [0x0000000007c23740+0x5c30]
J 31196% C2 paulscode.sound.CommandThread.run()V (107 bytes) @ 0x0000000006e691bc [0x0000000006e69000+0x1bc]
v  ~StubRoutines::call_stub

---------------  P R O C E S S  ---------------

Java Threads: ( => current thread )
  0x000000002be56000 JavaThread "Netty Server IO #15" daemon [_thread_in_native, id=16548, stack(0x000000007e580000,0x000000007e680000)]
  0x0000000043e85000 JavaThread "Netty Server IO #14" daemon [_thread_in_native, id=15532, stack(0x000000007e480000,0x000000007e580000)]
  0x0000000043e84000 JavaThread "Netty Server IO #13" daemon [_thread_in_native, id=4180, stack(0x000000007a310000,0x000000007a410000)]
  0x0000000043e83800 JavaThread "Netty Server IO #12" daemon [_thread_in_native, id=17176, stack(0x000000007a0e0000,0x000000007a1e0000)]
  0x0000000043e82800 JavaThread "Netty Server IO #11" daemon [_thread_in_native, id=15476, stack(0x000000007a210000,0x000000007a310000)]
  0x0000000043e82000 JavaThread "Netty Server IO #10" daemon [_thread_in_native, id=12500, stack(0x0000000078fa0000,0x00000000790a0000)]
  0x0000000043e79800 JavaThread "Netty Server IO #9" daemon [_thread_in_native, id=17404, stack(0x0000000077e90000,0x0000000077f90000)]
  0x0000000043e7f800 JavaThread "Netty Server IO #8" daemon [_thread_in_native, id=17240, stack(0x0000000077d90000,0x0000000077e90000)]
  0x0000000043e7f000 JavaThread "Netty Server IO #7" daemon [_thread_in_native, id=11160, stack(0x0000000077c90000,0x0000000077d90000)]
  0x0000000043e7e000 JavaThread "Netty Server IO #6" daemon [_thread_in_native, id=1680, stack(0x0000000077a90000,0x0000000077b90000)]
  0x0000000043e7d800 JavaThread "Netty Server IO #5" daemon [_thread_in_native, id=11720, stack(0x0000000076c50000,0x0000000076d50000)]
  0x0000000043e7c800 JavaThread "Netty Server IO #4" daemon [_thread_in_native, id=1460, stack(0x0000000077990000,0x0000000077a90000)]
  0x0000000043e79000 JavaThread "Netty Server IO #3" daemon [_thread_in_native, id=8156, stack(0x0000000077740000,0x0000000077840000)]
  0x0000000043e78000 JavaThread "Chunk I/O Executor Thread-1" daemon [_thread_blocked, id=1628, stack(0x0000000076940000,0x0000000076a40000)]
  0x0000000043e7a800 JavaThread "LanServerPinger #1" daemon [_thread_blocked, id=7024, stack(0x0000000051cd0000,0x0000000051dd0000)]
  0x000000002b3b6800 JavaThread "Netty Server IO #2" daemon [_thread_in_native, id=4736, stack(0x00000000517d0000,0x00000000518d0000)]
  0x000000002be5d000 JavaThread "Chunk Batcher 17" daemon [_thread_blocked, id=4712, stack(0x0000000055510000,0x0000000055610000)]
  0x000000002be5c000 JavaThread "Chunk Batcher 16" daemon [_thread_blocked, id=7732, stack(0x0000000055410000,0x0000000055510000)]
  0x000000002be58800 JavaThread "Chunk Batcher 15" daemon [_thread_blocked, id=10436, stack(0x0000000055310000,0x0000000055410000)]
  0x000000002be59000 JavaThread "Chunk Batcher 14" daemon [_thread_blocked, id=14408, stack(0x0000000054080000,0x0000000054180000)]
  0x000000002be5b800 JavaThread "Chunk Batcher 13" daemon [_thread_blocked, id=3536, stack(0x0000000053cc0000,0x0000000053dc0000)]
  0x000000002be54000 JavaThread "Chunk Batcher 12" daemon [_thread_blocked, id=16064, stack(0x00000000519d0000,0x0000000051ad0000)]
  0x000000002be53000 JavaThread "Netty Server IO #1" daemon [_thread_in_native, id=14552, stack(0x0000000051bd0000,0x0000000051cd0000)]
  0x000000002be5a000 JavaThread "Netty Local Client IO #0" daemon [_thread_blocked, id=16600, stack(0x0000000051ad0000,0x0000000051bd0000)]
  0x000000002be51800 JavaThread "Netty Server IO #0" daemon [_thread_in_native, id=14760, stack(0x00000000518d0000,0x00000000519d0000)]
  0x000000002be51000 JavaThread "File IO Thread" [_thread_blocked, id=13252, stack(0x000000004f1b0000,0x000000004f2b0000)]
  0x000000002771e800 JavaThread "Server thread" [_thread_in_Java, id=10584, stack(0x000000004f0b0000,0x000000004f1b0000)]
  0x0000000025d3f800 JavaThread "Snooper Timer" daemon [_thread_blocked, id=15096, stack(0x000000004eeb0000,0x000000004efb0000)]
  0x0000000027726000 JavaThread "Netty Client IO #11" daemon [_thread_in_native, id=16364, stack(0x0000000000310000,0x0000000000410000)]
  0x0000000025d3a000 JavaThread "Netty Client IO #10" daemon [_thread_in_native, id=5060, stack(0x00000000411e0000,0x00000000412e0000)]
  0x0000000025d3b800 JavaThread "Netty Client IO #9" daemon [_thread_in_native, id=6920, stack(0x00000000469f0000,0x0000000046af0000)]
  0x000000002771d800 JavaThread "Netty Client IO #8" daemon [_thread_in_native, id=15052, stack(0x0000000000b10000,0x0000000000c10000)]
  0x0000000027722000 JavaThread "Netty Client IO #7" daemon [_thread_in_native, id=12108, stack(0x0000000000910000,0x0000000000a10000)]
  0x0000000027724800 JavaThread "Netty Client IO #6" daemon [_thread_in_native, id=15860, stack(0x0000000000710000,0x0000000000810000)]
  0x0000000027720000 JavaThread "Server Pinger #4" daemon [_thread_blocked, id=12336, stack(0x0000000000a10000,0x0000000000b10000)]
  0x0000000027720800 JavaThread "Netty Client IO #5" daemon [_thread_in_native, id=14092, stack(0x0000000000410000,0x0000000000510000)]
  0x0000000027718800 JavaThread "Server Pinger #3" daemon [_thread_blocked, id=12328, stack(0x0000000000810000,0x0000000000910000)]
  0x000000002b3b0800 JavaThread "Netty Client IO #4" daemon [_thread_in_native, id=5844, stack(0x0000000000610000,0x0000000000710000)]
  0x000000002b3b3800 JavaThread "Server Pinger #2" daemon [_thread_blocked, id=3560, stack(0x0000000000510000,0x0000000000610000)]
  0x0000000027717000 JavaThread "Netty Client IO #3" daemon [_thread_in_native, id=12896, stack(0x0000000000010000,0x0000000000110000)]
  0x000000002771d000 JavaThread "Netty Client IO #2" daemon [_thread_in_native, id=15020, stack(0x0000000000210000,0x0000000000310000)]
  0x000000002771a800 JavaThread "Server Pinger #1" daemon [_thread_blocked, id=5912, stack(0x0000000000110000,0x0000000000210000)]
  0x0000000027717800 JavaThread "Swing-Shell" daemon [_thread_blocked, id=12232, stack(0x0000000077840000,0x0000000077940000)]
  0x000000002b3b7000 JavaThread "Netty Client IO #1" daemon [_thread_in_native, id=13688, stack(0x0000000042c40000,0x0000000042d40000)]
  0x000000002b00e000 JavaThread "Netty Client IO #0" daemon [_thread_in_native, id=16748, stack(0x0000000042740000,0x0000000042840000)]
  0x000000002b00b000 JavaThread "Server Pinger #0" daemon [_thread_blocked, id=14620, stack(0x0000000033d10000,0x0000000033e10000)]
  0x000000002b005000 JavaThread "AWT-Windows" daemon [_thread_in_native, id=8032, stack(0x000000003bae0000,0x000000003bbe0000)]
  0x000000002b00f800 JavaThread "Narrator" daemon [_thread_blocked, id=5252, stack(0x0000000033b10000,0x0000000033c10000)]
  0x000000002b00d800 JavaThread "pool-4-thread-1" daemon [_thread_blocked, id=7628, stack(0x0000000039fc0000,0x000000003a0c0000)]
  0x000000002b002000 JavaThread "threadDeathWatcher-1-1" daemon [_thread_blocked, id=3712, stack(0x0000000030db0000,0x0000000030eb0000)]
  0x000000002b000800 JavaThread "Thread-7" [_thread_blocked, id=16700, stack(0x0000000033f70000,0x0000000034070000)]
=>0x000000002b007800 JavaThread "Thread-6" [_thread_in_native, id=10016, stack(0x000000003a1b0000,0x000000003a2b0000)]
  0x000000002b004800 JavaThread "pool-2-thread-1" [_thread_blocked, id=12452, stack(0x0000000030c40000,0x0000000030d40000)]
  0x000000002b003800 JavaThread "Keep-Alive-SocketCleaner" daemon [_thread_blocked, id=14176, stack(0x0000000030b40000,0x0000000030c40000)]
  0x0000000024753800 JavaThread "LWJGL Timer" daemon [_thread_blocked, id=16632, stack(0x0000000033e70000,0x0000000033f70000)]
  0x000000002b2f9000 JavaThread "Java2D Disposer" daemon [_thread_blocked, id=8132, stack(0x000000002d8e0000,0x000000002d9e0000)]
  0x0000000029e4b000 JavaThread "Timer hack thread" daemon [_thread_blocked, id=15624, stack(0x000000002d7e0000,0x000000002d8e0000)]
  0x000000002a4da000 JavaThread "Snooper Timer" daemon [_thread_blocked, id=16300, stack(0x0000000028340000,0x0000000028440000)]
  0x000000002451b000 JavaThread "Service Thread" daemon [_thread_blocked, id=15552, stack(0x0000000024a10000,0x0000000024b10000)]
  0x0000000024519800 JavaThread "C1 CompilerThread3" daemon [_thread_blocked, id=3456, stack(0x0000000024910000,0x0000000024a10000)]
  0x0000000023c06000 JavaThread "C2 CompilerThread2" daemon [_thread_in_native, id=3136, stack(0x0000000024410000,0x0000000024510000)]
  0x0000000023bb2800 JavaThread "C2 CompilerThread1" daemon [_thread_blocked, id=16088, stack(0x0000000024310000,0x0000000024410000)]
  0x0000000023bae000 JavaThread "C2 CompilerThread0" daemon [_thread_in_native, id=17192, stack(0x0000000024210000,0x0000000024310000)]
  0x0000000023bab000 JavaThread "Attach Listener" daemon [_thread_blocked, id=15756, stack(0x0000000024110000,0x0000000024210000)]
  0x0000000023baa800 JavaThread "Signal Dispatcher" daemon [_thread_blocked, id=12428, stack(0x0000000024010000,0x0000000024110000)]
  0x0000000023bb9000 JavaThread "Surrogate Locker Thread (Concurrent GC)" daemon [_thread_blocked, id=9552, stack(0x0000000023f10000,0x0000000024010000)]
  0x000000000308d800 JavaThread "Finalizer" daemon [_thread_blocked, id=15160, stack(0x0000000023e10000,0x0000000023f10000)]
  0x000000000308c800 JavaThread "Reference Handler" daemon [_thread_blocked, id=6836, stack(0x0000000023d10000,0x0000000023e10000)]
  0x0000000002f94000 JavaThread "Client thread" [_thread_blocked, id=16880, stack(0x0000000002e90000,0x0000000002f90000)]

Other Threads:
  0x0000000003085000 VMThread [stack: 0x0000000023c10000,0x0000000023d10000] [id=1232]
  0x0000000024525800 WatcherThread [stack: 0x0000000024b10000,0x0000000024c10000] [id=848]

VM state:not at safepoint (normal execution)

VM Mutex/Monitor currently owned by a thread: None

Heap:
 garbage-first heap   total 5210112K, used 1618148K [0x0000000682000000, 0x00000006840004f8, 0x00000007c0000000)
  region size 32768K, 4 young (131072K), 1 survivors (32768K)
 Metaspace       used 127388K, capacity 132179K, committed 132736K, reserved 1163264K
  class space    used 17603K, capacity 18655K, committed 18816K, reserved 1048576K

Heap Regions: (Y=young(eden), SU=young(survivor), HS=humongous(starts), HC=humongous(continues), CS=collection set, F=free, TS=gc time stamp, PTAMS=previous top-at-mark-start, NTAMS=next top-at-mark-start)
AC   0 HS    TS     0 PTAMS 0x0000000683000010 NTAMS 0x0000000683000010 space 32768K,  50% used [0x0000000682000000, 0x0000000684000000)
AC   0  O    TS     0 PTAMS 0x0000000685961e20 NTAMS 0x0000000685961e20 space 32768K,  79% used [0x0000000684000000, 0x0000000686000000)
AC   0  O    TS     0 PTAMS 0x0000000688000000 NTAMS 0x0000000688000000 space 32768K, 100% used [0x0000000686000000, 0x0000000688000000)
AC   0  O    TS     0 PTAMS 0x0000000689fffff8 NTAMS 0x0000000689fffff8 space 32768K,  99% used [0x0000000688000000, 0x000000068a000000)
AC   0  O    TS     0 PTAMS 0x000000068bfffff0 NTAMS 0x000000068bfffff0 space 32768K,  99% used [0x000000068a000000, 0x000000068c000000)
AC   0  O    TS     0 PTAMS 0x000000068dfffff8 NTAMS 0x000000068dfffff8 space 32768K,  99% used [0x000000068c000000, 0x000000068e000000)
AC   0  O    TS     0 PTAMS 0x000000068fff93d8 NTAMS 0x000000068fff93d8 space 32768K,  99% used [0x000000068e000000, 0x0000000690000000)
AC   0  O    TS     0 PTAMS 0x0000000691fffff8 NTAMS 0x0000000691fffff8 space 32768K,  99% used [0x0000000690000000, 0x0000000692000000)
AC   0  O    TS     0 PTAMS 0x0000000693fffff8 NTAMS 0x0000000693fffff8 space 32768K,  99% used [0x0000000692000000, 0x0000000694000000)
AC   0  O    TS     0 PTAMS 0x0000000695fffff8 NTAMS 0x0000000695fffff8 space 32768K,  99% used [0x0000000694000000, 0x0000000696000000)
AC   0  O    TS     0 PTAMS 0x0000000697fffff0 NTAMS 0x0000000697fffff0 space 32768K,  99% used [0x0000000696000000, 0x0000000698000000)
AC   0  O    TS     0 PTAMS 0x000000069a000000 NTAMS 0x000000069a000000 space 32768K, 100% used [0x0000000698000000, 0x000000069a000000)
AC   0  O    TS     0 PTAMS 0x000000069bfffff0 NTAMS 0x000000069bfffff0 space 32768K,  99% used [0x000000069a000000, 0x000000069c000000)
AC   0  O    TS     0 PTAMS 0x000000069dfffff8 NTAMS 0x000000069dfffff8 space 32768K,  99% used [0x000000069c000000, 0x000000069e000000)
AC   0  O    TS     0 PTAMS 0x000000069fffffd8 NTAMS 0x000000069fffffd8 space 32768K,  99% used [0x000000069e000000, 0x00000006a0000000)
AC   0  O    TS     0 PTAMS 0x00000006a1ffffe8 NTAMS 0x00000006a1ffffe8 space 32768K,  99% used [0x00000006a0000000, 0x00000006a2000000)
AC   0  O    TS     0 PTAMS 0x00000006a3ffffe0 NTAMS 0x00000006a3ffffe0 space 32768K,  99% used [0x00000006a2000000, 0x00000006a4000000)
AC   0  O    TS     0 PTAMS 0x00000006a5fffff0 NTAMS 0x00000006a5fffff0 space 32768K,  99% used [0x00000006a4000000, 0x00000006a6000000)
AC   0  O    TS     0 PTAMS 0x00000006a7ffffc8 NTAMS 0x00000006a7ffffc8 space 32768K,  99% used [0x00000006a6000000, 0x00000006a8000000)
AC   0  O    TS     0 PTAMS 0x00000006a9ffffe8 NTAMS 0x00000006a9ffffe8 space 32768K,  99% used [0x00000006a8000000, 0x00000006aa000000)
AC   0  O    TS     0 PTAMS 0x00000006abfffff0 NTAMS 0x00000006abfffff0 space 32768K,  99% used [0x00000006aa000000, 0x00000006ac000000)
AC   0  O    TS     0 PTAMS 0x00000006adffffb8 NTAMS 0x00000006adffffb8 space 32768K,  99% used [0x00000006ac000000, 0x00000006ae000000)
AC   0  O    TS     0 PTAMS 0x00000006afffffc8 NTAMS 0x00000006afffffc8 space 32768K,  99% used [0x00000006ae000000, 0x00000006b0000000)
AC   0  O    TS     0 PTAMS 0x00000006b1ffffa8 NTAMS 0x00000006b1ffffa8 space 32768K,  99% used [0x00000006b0000000, 0x00000006b2000000)
AC   0  O    TS     0 PTAMS 0x00000006b3fdf538 NTAMS 0x00000006b3fdf538 space 32768K,  99% used [0x00000006b2000000, 0x00000006b4000000)
AC   0  O    TS     0 PTAMS 0x00000006b5fff680 NTAMS 0x00000006b5fff680 space 32768K,  99% used [0x00000006b4000000, 0x00000006b6000000)
AC   0  O    TS     0 PTAMS 0x00000006b7fffff8 NTAMS 0x00000006b7fffff8 space 32768K,  99% used [0x00000006b6000000, 0x00000006b8000000)
AC   0 HS    TS     0 PTAMS 0x00000006b9000010 NTAMS 0x00000006b9000010 space 32768K,  50% used [0x00000006b8000000, 0x00000006ba000000)
AC   0  O    TS     0 PTAMS 0x00000006bbfffc58 NTAMS 0x00000006bbfffc58 space 32768K,  99% used [0x00000006ba000000, 0x00000006bc000000)
AC   0  O    TS     0 PTAMS 0x00000006bdfaa698 NTAMS 0x00000006bdfaa698 space 32768K,  98% used [0x00000006bc000000, 0x00000006be000000)
AC   0 HS    TS     0 PTAMS 0x00000006bf000010 NTAMS 0x00000006bf000010 space 32768K,  50% used [0x00000006be000000, 0x00000006c0000000)
AC   0  O    TS     0 PTAMS 0x00000006c1e6a628 NTAMS 0x00000006c1e6a628 space 32768K,  95% used [0x00000006c0000000, 0x00000006c2000000)
AC   0  O    TS     0 PTAMS 0x00000006c3fff950 NTAMS 0x00000006c3fff950 space 32768K,  99% used [0x00000006c2000000, 0x00000006c4000000)
AC   0  O    TS     0 PTAMS 0x00000006c5ffff98 NTAMS 0x00000006c5ffff98 space 32768K,  99% used [0x00000006c4000000, 0x00000006c6000000)
AC   0  O    TS     0 PTAMS 0x00000006c76b3208 NTAMS 0x00000006c76b3208 space 32768K,  70% used [0x00000006c6000000, 0x00000006c8000000)
AC   0  O    TS     0 PTAMS 0x00000006ca000000 NTAMS 0x00000006ca000000 space 32768K, 100% used [0x00000006c8000000, 0x00000006ca000000)
AC   0  O    TS     5 PTAMS 0x00000006ca000000 NTAMS 0x00000006ca000000 space 32768K, 100% used [0x00000006ca000000, 0x00000006cc000000)
AC   0  O    TS    15 PTAMS 0x00000006cc000000 NTAMS 0x00000006cc000000 space 32768K, 100% used [0x00000006cc000000, 0x00000006ce000000)
AC   0  O    TS     7 PTAMS 0x00000006ce000000 NTAMS 0x00000006ce000000 space 32768K, 100% used [0x00000006ce000000, 0x00000006d0000000)
AC   0  O    TS   127 PTAMS 0x00000006d0000000 NTAMS 0x00000006d0000000 space 32768K, 100% used [0x00000006d0000000, 0x00000006d2000000)
AC   0  O    TS   137 PTAMS 0x00000006d2000000 NTAMS 0x00000006d2000000 space 32768K,   5% used [0x00000006d2000000, 0x00000006d4000000)
AC   0  F    TS     0 PTAMS 0x00000006d4000000 NTAMS 0x00000006d4000000 space 32768K,   0% used [0x00000006d4000000, 0x00000006d6000000)
AC   0  F    TS     0 PTAMS 0x00000006d6000000 NTAMS 0x00000006d6000000 space 32768K,   0% used [0x00000006d6000000, 0x00000006d8000000)
AC   0  F    TS     0 PTAMS 0x00000006d8000000 NTAMS 0x00000006d8000000 space 32768K,   0% used [0x00000006d8000000, 0x00000006da000000)
AC   0  F    TS     0 PTAMS 0x00000006da000000 NTAMS 0x00000006da000000 space 32768K,   0% used [0x00000006da000000, 0x00000006dc000000)
AC   0  F    TS     0 PTAMS 0x00000006dc000000 NTAMS 0x00000006dc000000 space 32768K,   0% used [0x00000006dc000000, 0x00000006de000000)
AC   0  F    TS     0 PTAMS 0x00000006de000000 NTAMS 0x00000006de000000 space 32768K,   0% used [0x00000006de000000, 0x00000006e0000000)
AC   0  F    TS     0 PTAMS 0x00000006e0000000 NTAMS 0x00000006e0000000 space 32768K,   0% used [0x00000006e0000000, 0x00000006e2000000)
AC   0  O    TS     0 PTAMS 0x00000006e4000000 NTAMS 0x00000006e4000000 space 32768K, 100% used [0x00000006e2000000, 0x00000006e4000000)
AC   0  F    TS     0 PTAMS 0x00000006e4000000 NTAMS 0x00000006e4000000 space 32768K,   0% used [0x00000006e4000000, 0x00000006e6000000)
AC   0  F    TS     0 PTAMS 0x00000006e6000000 NTAMS 0x00000006e6000000 space 32768K,   0% used [0x00000006e6000000, 0x00000006e8000000)
AC   0  F    TS     0 PTAMS 0x00000006e8000000 NTAMS 0x00000006e8000000 space 32768K,   0% used [0x00000006e8000000, 0x00000006ea000000)
AC   0  F    TS     0 PTAMS 0x00000006ea000000 NTAMS 0x00000006ea000000 space 32768K,   0% used [0x00000006ea000000, 0x00000006ec000000)
AC   0  F    TS     0 PTAMS 0x00000006ec000000 NTAMS 0x00000006ec000000 space 32768K,   0% used [0x00000006ec000000, 0x00000006ee000000)
AC   0  F    TS     0 PTAMS 0x00000006ee000000 NTAMS 0x00000006ee000000 space 32768K,   0% used [0x00000006ee000000, 0x00000006f0000000)
AC   0  O    TS     0 PTAMS 0x00000006f2000000 NTAMS 0x00000006f2000000 space 32768K, 100% used [0x00000006f0000000, 0x00000006f2000000)
AC   0  F    TS     0 PTAMS 0x00000006f2000000 NTAMS 0x00000006f2000000 space 32768K,   0% used [0x00000006f2000000, 0x00000006f4000000)
AC   0  F    TS     0 PTAMS 0x00000006f4000000 NTAMS 0x00000006f4000000 space 32768K,   0% used [0x00000006f4000000, 0x00000006f6000000)
AC   0  F    TS     0 PTAMS 0x00000006f6000000 NTAMS 0x00000006f6000000 space 32768K,   0% used [0x00000006f6000000, 0x00000006f8000000)
AC   0  F    TS     0 PTAMS 0x00000006f8000000 NTAMS 0x00000006f8000000 space 32768K,   0% used [0x00000006f8000000, 0x00000006fa000000)
AC   0  O    TS     0 PTAMS 0x00000006fc000000 NTAMS 0x00000006fc000000 space 32768K, 100% used [0x00000006fa000000, 0x00000006fc000000)
AC   0  O    TS     0 PTAMS 0x00000006fe000000 NTAMS 0x00000006fe000000 space 32768K, 100% used [0x00000006fc000000, 0x00000006fe000000)
AC   0  O    TS     0 PTAMS 0x0000000700000000 NTAMS 0x0000000700000000 space 32768K, 100% used [0x00000006fe000000, 0x0000000700000000)
AC   0  O    TS     3 PTAMS 0x0000000700315c00 NTAMS 0x0000000700315c00 space 32768K, 100% used [0x0000000700000000, 0x0000000702000000)
AC   0  O    TS     5 PTAMS 0x0000000702000000 NTAMS 0x0000000702000000 space 32768K, 100% used [0x0000000702000000, 0x0000000704000000)
AC   0  F    TS     0 PTAMS 0x0000000704000000 NTAMS 0x0000000704000000 space 32768K,   0% used [0x0000000704000000, 0x0000000706000000)
AC   0  F    TS     0 PTAMS 0x0000000706000000 NTAMS 0x0000000706000000 space 32768K,   0% used [0x0000000706000000, 0x0000000708000000)
AC   0  F    TS     0 PTAMS 0x0000000708000000 NTAMS 0x0000000708000000 space 32768K,   0% used [0x0000000708000000, 0x000000070a000000)
AC   0  F    TS     0 PTAMS 0x000000070a000000 NTAMS 0x000000070a000000 space 32768K,   0% used [0x000000070a000000, 0x000000070c000000)
AC   0  F    TS     0 PTAMS 0x000000070c000000 NTAMS 0x000000070c000000 space 32768K,   0% used [0x000000070c000000, 0x000000070e000000)
AC   0  F    TS     0 PTAMS 0x000000070e000000 NTAMS 0x000000070e000000 space 32768K,   0% used [0x000000070e000000, 0x0000000710000000)
AC   0  O    TS     0 PTAMS 0x0000000712000000 NTAMS 0x0000000712000000 space 32768K, 100% used [0x0000000710000000, 0x0000000712000000)
AC   0  O    TS     0 PTAMS 0x0000000714000000 NTAMS 0x0000000714000000 space 32768K, 100% used [0x0000000712000000, 0x0000000714000000)
AC   0  F    TS     0 PTAMS 0x0000000714000000 NTAMS 0x0000000714000000 space 32768K,   0% used [0x0000000714000000, 0x0000000716000000)
AC   0  F    TS     0 PTAMS 0x0000000716000000 NTAMS 0x0000000716000000 space 32768K,   0% used [0x0000000716000000, 0x0000000718000000)
AC   0  F    TS     0 PTAMS 0x0000000718000000 NTAMS 0x0000000718000000 space 32768K,   0% used [0x0000000718000000, 0x000000071a000000)
AC   0  F    TS     0 PTAMS 0x000000071a000000 NTAMS 0x000000071a000000 space 32768K,   0% used [0x000000071a000000, 0x000000071c000000)
AC   0  F    TS     0 PTAMS 0x000000071c000000 NTAMS 0x000000071c000000 space 32768K,   0% used [0x000000071c000000, 0x000000071e000000)
AC   0  F    TS     0 PTAMS 0x000000071e000000 NTAMS 0x000000071e000000 space 32768K,   0% used [0x000000071e000000, 0x0000000720000000)
AC   0  F    TS     0 PTAMS 0x0000000720000000 NTAMS 0x0000000720000000 space 32768K,   0% used [0x0000000720000000, 0x0000000722000000)
AC   0  F    TS     0 PTAMS 0x0000000722000000 NTAMS 0x0000000722000000 space 32768K,   0% used [0x0000000722000000, 0x0000000724000000)
AC   0  F    TS     0 PTAMS 0x0000000724000000 NTAMS 0x0000000724000000 space 32768K,   0% used [0x0000000724000000, 0x0000000726000000)
AC   0  F    TS     0 PTAMS 0x0000000726000000 NTAMS 0x0000000726000000 space 32768K,   0% used [0x0000000726000000, 0x0000000728000000)
AC   0  F    TS     0 PTAMS 0x0000000728000000 NTAMS 0x0000000728000000 space 32768K,   0% used [0x0000000728000000, 0x000000072a000000)
AC   0  F    TS     0 PTAMS 0x000000072a000000 NTAMS 0x000000072a000000 space 32768K,   0% used [0x000000072a000000, 0x000000072c000000)
AC   0  F    TS     0 PTAMS 0x000000072c000000 NTAMS 0x000000072c000000 space 32768K,   0% used [0x000000072c000000, 0x000000072e000000)
AC   0  F    TS     0 PTAMS 0x000000072e000000 NTAMS 0x000000072e000000 space 32768K,   0% used [0x000000072e000000, 0x0000000730000000)
AC   0  F    TS     0 PTAMS 0x0000000730000000 NTAMS 0x0000000730000000 space 32768K,   0% used [0x0000000730000000, 0x0000000732000000)
AC   0  F    TS     0 PTAMS 0x0000000732000000 NTAMS 0x0000000732000000 space 32768K,   0% used [0x0000000732000000, 0x0000000734000000)
AC   0  F    TS     0 PTAMS 0x0000000734000000 NTAMS 0x0000000734000000 space 32768K,   0% used [0x0000000734000000, 0x0000000736000000)
AC   0  F    TS     0 PTAMS 0x0000000736000000 NTAMS 0x0000000736000000 space 32768K,   0% used [0x0000000736000000, 0x0000000738000000)
AC   0  F    TS     0 PTAMS 0x0000000738000000 NTAMS 0x0000000738000000 space 32768K,   0% used [0x0000000738000000, 0x000000073a000000)
AC   0  F    TS     0 PTAMS 0x000000073a000000 NTAMS 0x000000073a000000 space 32768K,   0% used [0x000000073a000000, 0x000000073c000000)
AC   0  F    TS     0 PTAMS 0x000000073c000000 NTAMS 0x000000073c000000 space 32768K,   0% used [0x000000073c000000, 0x000000073e000000)
AC   0  F    TS     0 PTAMS 0x000000073e000000 NTAMS 0x000000073e000000 space 32768K,   0% used [0x000000073e000000, 0x0000000740000000)
AC   0  F    TS     0 PTAMS 0x0000000740000000 NTAMS 0x0000000740000000 space 32768K,   0% used [0x0000000740000000, 0x0000000742000000)
AC   0  F    TS     0 PTAMS 0x0000000742000000 NTAMS 0x0000000742000000 space 32768K,   0% used [0x0000000742000000, 0x0000000744000000)
AC   0  F    TS     0 PTAMS 0x0000000744000000 NTAMS 0x0000000744000000 space 32768K,   0% used [0x0000000744000000, 0x0000000746000000)
AC   0  F    TS     0 PTAMS 0x0000000746000000 NTAMS 0x0000000746000000 space 32768K,   0% used [0x0000000746000000, 0x0000000748000000)
AC   0  F    TS     0 PTAMS 0x0000000748000000 NTAMS 0x0000000748000000 space 32768K,   0% used [0x0000000748000000, 0x000000074a000000)
AC   0  F    TS     0 PTAMS 0x000000074a000000 NTAMS 0x000000074a000000 space 32768K,   0% used [0x000000074a000000, 0x000000074c000000)
AC   0  F    TS     0 PTAMS 0x000000074c000000 NTAMS 0x000000074c000000 space 32768K,   0% used [0x000000074c000000, 0x000000074e000000)
AC   0  F    TS     0 PTAMS 0x000000074e000000 NTAMS 0x000000074e000000 space 32768K,   0% used [0x000000074e000000, 0x0000000750000000)
AC   0  F    TS     0 PTAMS 0x0000000750000000 NTAMS 0x0000000750000000 space 32768K,   0% used [0x0000000750000000, 0x0000000752000000)
AC   0  F    TS     0 PTAMS 0x0000000752000000 NTAMS 0x0000000752000000 space 32768K,   0% used [0x0000000752000000, 0x0000000754000000)
AC   0  F    TS     0 PTAMS 0x0000000754000000 NTAMS 0x0000000754000000 space 32768K,   0% used [0x0000000754000000, 0x0000000756000000)
AC   0  F    TS     0 PTAMS 0x0000000756000000 NTAMS 0x0000000756000000 space 32768K,   0% used [0x0000000756000000, 0x0000000758000000)
AC   0  F    TS     0 PTAMS 0x0000000758000000 NTAMS 0x0000000758000000 space 32768K,   0% used [0x0000000758000000, 0x000000075a000000)
AC   0  F    TS     0 PTAMS 0x000000075a000000 NTAMS 0x000000075a000000 space 32768K,   0% used [0x000000075a000000, 0x000000075c000000)
AC   0  F    TS     0 PTAMS 0x000000075c000000 NTAMS 0x000000075c000000 space 32768K,   0% used [0x000000075c000000, 0x000000075e000000)
AC   0  F    TS     0 PTAMS 0x000000075e000000 NTAMS 0x000000075e000000 space 32768K,   0% used [0x000000075e000000, 0x0000000760000000)
AC   0  F    TS     0 PTAMS 0x0000000760000000 NTAMS 0x0000000760000000 space 32768K,   0% used [0x0000000760000000, 0x0000000762000000)
AC   0  F    TS     0 PTAMS 0x0000000762000000 NTAMS 0x0000000762000000 space 32768K,   0% used [0x0000000762000000, 0x0000000764000000)
AC   0  F    TS     0 PTAMS 0x0000000764000000 NTAMS 0x0000000764000000 space 32768K,   0% used [0x0000000764000000, 0x0000000766000000)
AC   0  F    TS     0 PTAMS 0x0000000766000000 NTAMS 0x0000000766000000 space 32768K,   0% used [0x0000000766000000, 0x0000000768000000)
AC   0  F    TS     0 PTAMS 0x0000000768000000 NTAMS 0x0000000768000000 space 32768K,   0% used [0x0000000768000000, 0x000000076a000000)
AC   0  F    TS     0 PTAMS 0x000000076a000000 NTAMS 0x000000076a000000 space 32768K,   0% used [0x000000076a000000, 0x000000076c000000)
AC   0  F    TS     0 PTAMS 0x000000076c000000 NTAMS 0x000000076c000000 space 32768K,   0% used [0x000000076c000000, 0x000000076e000000)
AC   0  F    TS     0 PTAMS 0x000000076e000000 NTAMS 0x000000076e000000 space 32768K,   0% used [0x000000076e000000, 0x0000000770000000)
AC   0  F    TS     0 PTAMS 0x0000000770000000 NTAMS 0x0000000770000000 space 32768K,   0% used [0x0000000770000000, 0x0000000772000000)
AC   0  F    TS     0 PTAMS 0x0000000772000000 NTAMS 0x0000000772000000 space 32768K,   0% used [0x0000000772000000, 0x0000000774000000)
AC   0  F    TS     0 PTAMS 0x0000000774000000 NTAMS 0x0000000774000000 space 32768K,   0% used [0x0000000774000000, 0x0000000776000000)
AC   0  F    TS     0 PTAMS 0x0000000776000000 NTAMS 0x0000000776000000 space 32768K,   0% used [0x0000000776000000, 0x0000000778000000)
AC   0  F    TS     0 PTAMS 0x0000000778000000 NTAMS 0x0000000778000000 space 32768K,   0% used [0x0000000778000000, 0x000000077a000000)
AC   0  F    TS     0 PTAMS 0x000000077a000000 NTAMS 0x000000077a000000 space 32768K,   0% used [0x000000077a000000, 0x000000077c000000)
AC   0  F    TS     0 PTAMS 0x000000077c000000 NTAMS 0x000000077c000000 space 32768K,   0% used [0x000000077c000000, 0x000000077e000000)
AC   0  F    TS     0 PTAMS 0x000000077e000000 NTAMS 0x000000077e000000 space 32768K,   0% used [0x000000077e000000, 0x0000000780000000)
AC   0  F    TS     0 PTAMS 0x0000000780000000 NTAMS 0x0000000780000000 space 32768K,   0% used [0x0000000780000000, 0x0000000782000000)
AC   0  F    TS     0 PTAMS 0x0000000782000000 NTAMS 0x0000000782000000 space 32768K,   0% used [0x0000000782000000, 0x0000000784000000)
AC   0  F    TS     0 PTAMS 0x0000000784000000 NTAMS 0x0000000784000000 space 32768K,   0% used [0x0000000784000000, 0x0000000786000000)
AC   0  F    TS     0 PTAMS 0x0000000786000000 NTAMS 0x0000000786000000 space 32768K,   0% used [0x0000000786000000, 0x0000000788000000)
AC   0  F    TS     0 PTAMS 0x0000000788000000 NTAMS 0x0000000788000000 space 32768K,   0% used [0x0000000788000000, 0x000000078a000000)
AC   0  F    TS     0 PTAMS 0x000000078a000000 NTAMS 0x000000078a000000 space 32768K,   0% used [0x000000078a000000, 0x000000078c000000)
AC   0  F    TS     0 PTAMS 0x000000078c000000 NTAMS 0x000000078c000000 space 32768K,   0% used [0x000000078c000000, 0x000000078e000000)
AC   0  F    TS     0 PTAMS 0x000000078e000000 NTAMS 0x000000078e000000 space 32768K,   0% used [0x000000078e000000, 0x0000000790000000)
AC   0  F    TS     0 PTAMS 0x0000000790000000 NTAMS 0x0000000790000000 space 32768K,   0% used [0x0000000790000000, 0x0000000792000000)
AC   0  F    TS     0 PTAMS 0x0000000792000000 NTAMS 0x0000000792000000 space 32768K,   0% used [0x0000000792000000, 0x0000000794000000)
AC   0  F    TS     0 PTAMS 0x0000000794000000 NTAMS 0x0000000794000000 space 32768K,   0% used [0x0000000794000000, 0x0000000796000000)
AC   0  F    TS     0 PTAMS 0x0000000796000000 NTAMS 0x0000000796000000 space 32768K,   0% used [0x0000000796000000, 0x0000000798000000)
AC   0  F    TS     0 PTAMS 0x0000000798000000 NTAMS 0x0000000798000000 space 32768K,   0% used [0x0000000798000000, 0x000000079a000000)
AC   0  F    TS     0 PTAMS 0x000000079a000000 NTAMS 0x000000079a000000 space 32768K,   0% used [0x000000079a000000, 0x000000079c000000)
AC   0  F    TS     0 PTAMS 0x000000079c000000 NTAMS 0x000000079c000000 space 32768K,   0% used [0x000000079c000000, 0x000000079e000000)
AC   0  F    TS     0 PTAMS 0x000000079e000000 NTAMS 0x000000079e000000 space 32768K,   0% used [0x000000079e000000, 0x00000007a0000000)
AC   0  F    TS     0 PTAMS 0x00000007a0000000 NTAMS 0x00000007a0000000 space 32768K,   0% used [0x00000007a0000000, 0x00000007a2000000)
AC   0  F    TS     0 PTAMS 0x00000007a2000000 NTAMS 0x00000007a2000000 space 32768K,   0% used [0x00000007a2000000, 0x00000007a4000000)
AC   0  F    TS     0 PTAMS 0x00000007a4000000 NTAMS 0x00000007a4000000 space 32768K,   0% used [0x00000007a4000000, 0x00000007a6000000)
AC   0  F    TS     0 PTAMS 0x00000007a6000000 NTAMS 0x00000007a6000000 space 32768K,   0% used [0x00000007a6000000, 0x00000007a8000000)
AC   0  F    TS     0 PTAMS 0x00000007a8000000 NTAMS 0x00000007a8000000 space 32768K,   0% used [0x00000007a8000000, 0x00000007aa000000)
AC   0  F    TS     0 PTAMS 0x00000007aa000000 NTAMS 0x00000007aa000000 space 32768K,   0% used [0x00000007aa000000, 0x00000007ac000000)
AC   0  F    TS     0 PTAMS 0x00000007ac000000 NTAMS 0x00000007ac000000 space 32768K,   0% used [0x00000007ac000000, 0x00000007ae000000)
AC   0  F    TS     0 PTAMS 0x00000007ae000000 NTAMS 0x00000007ae000000 space 32768K,   0% used [0x00000007ae000000, 0x00000007b0000000)
AC   0  F    TS     0 PTAMS 0x00000007b0000000 NTAMS 0x00000007b0000000 space 32768K,   0% used [0x00000007b0000000, 0x00000007b2000000)
AC   0  F    TS     0 PTAMS 0x00000007b2000000 NTAMS 0x00000007b2000000 space 32768K,   0% used [0x00000007b2000000, 0x00000007b4000000)
AC   0  F    TS     0 PTAMS 0x00000007b4000000 NTAMS 0x00000007b4000000 space 32768K,   0% used [0x00000007b4000000, 0x00000007b6000000)
AC   0  S CS TS   137 PTAMS 0x00000007b6000000 NTAMS 0x00000007b6000000 space 32768K,  39% used [0x00000007b6000000, 0x00000007b8000000)
AC   0  F    TS   135 PTAMS 0x00000007b8000000 NTAMS 0x00000007b8000000 space 32768K,   0% used [0x00000007b8000000, 0x00000007ba000000)
AC   0  E    TS     0 PTAMS 0x00000007ba000000 NTAMS 0x00000007ba000000 space 32768K,  41% used [0x00000007ba000000, 0x00000007bc000000)
AC   0  E CS TS     0 PTAMS 0x00000007bc000000 NTAMS 0x00000007bc000000 space 32768K, 100% used [0x00000007bc000000, 0x00000007be000000)
AC   0  E CS TS     0 PTAMS 0x00000007be000000 NTAMS 0x00000007be000000 space 32768K, 100% used [0x00000007be000000, 0x00000007c0000000)

Card table byte_map: [0x00000000147d0000,0x00000000151c0000] byte_map_base: 0x00000000113c0000

Marking Bits (Prev, Next): (CMBitMap*) 0x0000000002ffe5f8, (CMBitMap*) 0x0000000002ffe650
 Prev Bits: [0x0000000015bb0000, 0x000000001ab30000)
 Next Bits: [0x000000001ab30000, 0x000000001fab0000)

Polling page: 0x0000000001590000

CodeCache: size=245760Kb used=111130Kb max_used=111130Kb free=134629Kb
 bounds [0x0000000003090000, 0x0000000009df0000, 0x0000000012090000]
 total_blobs=25445 nmethods=24084 adapters=1262
 compilation: enabled

Compilation events (10 events):
Event: 4443.742 Thread 0x0000000023c06000 41522       4       java.util.Collections::sort (8 bytes)
Event: 4443.743 Thread 0x0000000023c06000 nmethod 41522 0x0000000003bb1350 code [0x0000000003bb1480, 0x0000000003bb14d8]
Event: 4449.385 Thread 0x0000000023bb2800 41523       4       paulscode.sound.libraries.SourceLWJGLOpenAL::resetALInformation (109 bytes)
Event: 4449.416 Thread 0x0000000023bb2800 nmethod 41523 0x000000000878ec90 code [0x000000000878ef80, 0x0000000008790288]
Event: 4449.749 Thread 0x0000000024519800 41524       3       net.gobbob.mobends.data.Data_Player::onPunch (157 bytes)
Event: 4449.750 Thread 0x0000000024519800 nmethod 41524 0x0000000006933050 code [0x0000000006933280, 0x0000000006934078]
Event: 4451.827 Thread 0x0000000024519800 41525       3       com.lycanitesmobs.PotionEffects::onEntityUpdate (473 bytes)
Event: 4451.834 Thread 0x0000000024519800 nmethod 41525 0x0000000006e13310 code [0x0000000006e13d80, 0x0000000006e1c228]
Event: 4451.836 Thread 0x0000000024519800 41526       3       com.tmtravlr.potioncore.PotionCoreEventHandler::onLivingUpdate (1710 bytes)
Event: 4451.859 Thread 0x0000000024519800 nmethod 41526 0x0000000009dc2910 code [0x0000000009dc4380, 0x0000000009ddbad8]

GC Heap History (10 events):
Event: 4451.287 GC heap before
{Heap before GC invocations=6838 (full 10):
 garbage-first heap   total 5210112K, used 1648030K [0x0000000682000000, 0x00000006840004f8, 0x00000007c0000000)
  region size 32768K, 4 young (131072K), 1 survivors (32768K)
 Metaspace       used 127377K, capacity 132173K, committed 132736K, reserved 1163264K
  class space    used 17601K, capacity 18654K, committed 18816K, reserved 1048576K
Event: 4451.294 GC heap after
Heap after GC invocations=6839 (full 10):
 garbage-first heap   total 5210112K, used 1547342K [0x0000000682000000, 0x00000006840004f8, 0x00000007c0000000)
  region size 32768K, 1 young (32768K), 1 survivors (32768K)
 Metaspace       used 127377K, capacity 132173K, committed 132736K, reserved 1163264K
  class space    used 17601K, capacity 18654K, committed 18816K, reserved 1048576K
}
Event: 4451.535 GC heap before
{Heap before GC invocations=6839 (full 10):
 garbage-first heap   total 5210112K, used 1645646K [0x0000000682000000, 0x00000006840004f8, 0x00000007c0000000)
  region size 32768K, 4 young (131072K), 1 survivors (32768K)
 Metaspace       used 127377K, capacity 132173K, committed 132736K, reserved 1163264K
  class space    used 17601K, capacity 18654K, committed 18816K, reserved 1048576K
Event: 4451.562 GC heap after
Heap after GC invocations=6840 (full 10):
 garbage-first heap   total 5210112K, used 1549182K [0x0000000682000000, 0x00000006840004f8, 0x00000007c0000000)
  region size 32768K, 1 young (32768K), 1 survivors (32768K)
 Metaspace       used 127377K, capacity 132173K, committed 132736K, reserved 1163264K
  class space    used 17601K, capacity 18654K, committed 18816K, reserved 1048576K
}
Event: 4451.792 GC heap before
{Heap before GC invocations=6840 (full 10):
 garbage-first heap   total 5210112K, used 1647486K [0x0000000682000000, 0x00000006840004f8, 0x00000007c0000000)
  region size 32768K, 4 young (131072K), 1 survivors (32768K)
 Metaspace       used 127377K, capacity 132173K, committed 132736K, reserved 1163264K
  class space    used 17601K, capacity 18654K, committed 18816K, reserved 1048576K
Event: 4451.800 GC heap after
Heap after GC invocations=6841 (full 10):
 garbage-first heap   total 5210112K, used 1548535K [0x0000000682000000, 0x00000006840004f8, 0x00000007c0000000)
  region size 32768K, 1 young (32768K), 1 survivors (32768K)
 Metaspace       used 127377K, capacity 132173K, committed 132736K, reserved 1163264K
  class space    used 17601K, capacity 18654K, committed 18816K, reserved 1048576K
}
Event: 4452.069 GC heap before
{Heap before GC invocations=6841 (full 10):
 garbage-first heap   total 5210112K, used 1646839K [0x0000000682000000, 0x00000006840004f8, 0x00000007c0000000)
  region size 32768K, 4 young (131072K), 1 survivors (32768K)
 Metaspace       used 127388K, capacity 132179K, committed 132736K, reserved 1163264K
  class space    used 17603K, capacity 18655K, committed 18816K, reserved 1048576K
Event: 4452.100 GC heap after
Heap after GC invocations=6842 (full 10):
 garbage-first heap   total 5210112K, used 1552402K [0x0000000682000000, 0x00000006840004f8, 0x00000007c0000000)
  region size 32768K, 1 young (32768K), 1 survivors (32768K)
 Metaspace       used 127388K, capacity 132179K, committed 132736K, reserved 1163264K
  class space    used 17603K, capacity 18655K, committed 18816K, reserved 1048576K
}
Event: 4452.177 GC heap before
{Heap before GC invocations=6842 (full 10):
 garbage-first heap   total 5210112K, used 1650706K [0x0000000682000000, 0x00000006840004f8, 0x00000007c0000000)
  region size 32768K, 4 young (131072K), 1 survivors (32768K)
 Metaspace       used 127388K, capacity 132179K, committed 132736K, reserved 1163264K
  class space    used 17603K, capacity 18655K, committed 18816K, reserved 1048576K
Event: 4452.183 GC heap after
Heap after GC invocations=6843 (full 10):
 garbage-first heap   total 5210112K, used 1551667K [0x0000000682000000, 0x00000006840004f8, 0x00000007c0000000)
  region size 32768K, 1 young (32768K), 1 survivors (32768K)
 Metaspace       used 127388K, capacity 132179K, committed 132736K, reserved 1163264K
  class space    used 17603K, capacity 18655K, committed 18816K, reserved 1048576K
}

Deoptimization events (10 events):
Event: 4451.826 Thread 0x0000000002f94000 Uncommon trap: reason=unstable_if action=reinterpret pc=0x0000000009129738 method=com.lycanitesmobs.PotionEffects.onEntityUpdate(Lnet/minecraftforge/event/entity/living/LivingEvent$LivingUpdateEvent;)V @ 85
Event: 4451.826 Thread 0x0000000002f94000 Uncommon trap: reason=unstable_if action=reinterpret pc=0x0000000009c1a668 method=net.minecraft.client.entity.EntityPlayerSP.func_70636_d()V @ 795
Event: 4451.836 Thread 0x0000000002f94000 Uncommon trap: reason=unstable_if action=reinterpret pc=0x00000000092649dc method=net.minecraft.client.renderer.EntityRenderer.func_78466_h(F)V @ 1155
Event: 4451.836 Thread 0x0000000002f94000 Uncommon trap: reason=unstable_if action=reinterpret pc=0x0000000006a061cc method=com.tmtravlr.potioncore.PotionCoreEventHandlerClient.onFogRender(Lnet/minecraftforge/client/event/EntityViewRenderEvent$FogDensity;)V @ 31
Event: 4451.836 Thread 0x0000000002f94000 Uncommon trap: reason=unstable_if action=reinterpret pc=0x000000000628076c method=net.minecraftforge.client.ForgeHooksClient.getFogDensity(Lnet/minecraft/client/renderer/EntityRenderer;Lnet/minecraft/entity/Entity;Lnet/minecraft/block/state/IBlockState;FF)Cø[≈€c±@
Event: 4451.858 Thread 0x0000000002f94000 Uncommon trap: reason=unstable_if action=reinterpret pc=0x0000000007134a44 method=net.minecraft.client.renderer.EntityRenderer.func_78468_a(IF)V @ 106
Event: 4451.939 Thread 0x0000000002f94000 Uncommon trap: reason=unstable_if action=reinterpret pc=0x0000000006fa4880 method=com.tmtravlr.potioncore.PotionCoreEventHandlerClient.onFogRender(Lnet/minecraftforge/client/event/EntityViewRenderEvent$FogDensity;)V @ 31
Event: 4451.985 Thread 0x0000000002f94000 Uncommon trap: reason=bimorphic action=maybe_recompile pc=0x0000000009cf9e1c method=com.sonicjumper.enhancedvisuals.events.VisualEventHandler.onSoundPlay(Lnet/minecraftforge/client/event/sound/PlaySoundEvent;)V @ 4
Event: 4451.985 Thread 0x0000000002f94000 Uncommon trap: reason=bimorphic action=maybe_recompile pc=0x0000000009cccbb8 method=net.minecraft.client.audio.SoundManager.func_148611_c(Lnet/minecraft/client/audio/ISound;)V @ 23
Event: 4451.986 Thread 0x0000000002f94000 Uncommon trap: reason=bimorphic action=maybe_recompile pc=0x000000000904a580 method=net.minecraftforge.client.event.sound.SoundEvent$SoundSourceEvent.<init>(Lnet/minecraft/client/audio/SoundManager;Lnet/minecraft/client/audio/ISound;Ljava/lang/String;)V @ àªz”c±@

Internal exceptions (10 events):
Event: 4451.729 Thread 0x000000002b007800 Exception <a 'java/lang/InterruptedException': sleep interrupted> (0x00000007bd4e4088) thrown at [C:\re\workspace\8-2-build-windows-amd64-cygwin\jdk8u51\3951\hotspot\src\share\vm\prims\jvm.cpp, line 3211]
Event: 4451.729 Thread 0x000000002b007800 Exception <a 'java/lang/InterruptedException': sleep interrupted> (0x00000007ba318588) thrown at [C:\re\workspace\8-2-build-windows-amd64-cygwin\jdk8u51\3951\hotspot\src\share\vm\prims\jvm.cpp, line 3163]
Event: 4451.729 Thread 0x000000002b007800 Exception <a 'java/lang/InterruptedException': sleep interrupted> (0x00000007ba318788) thrown at [C:\re\workspace\8-2-build-windows-amd64-cygwin\jdk8u51\3951\hotspot\src\share\vm\prims\jvm.cpp, line 3211]
Event: 4451.750 Thread 0x000000002b007800 Exception <a 'java/lang/InterruptedException': sleep interrupted> (0x00000007ba8757f8) thrown at [C:\re\workspace\8-2-build-windows-amd64-cygwin\jdk8u51\3951\hotspot\src\share\vm\prims\jvm.cpp, line 3211]
Event: 4451.782 Thread 0x000000002b007800 Exception <a 'java/lang/InterruptedException': sleep interrupted> (0x00000007ba8759f8) thrown at [C:\re\workspace\8-2-build-windows-amd64-cygwin\jdk8u51\3951\hotspot\src\share\vm\prims\jvm.cpp, line 3211]
Event: 4451.807 Thread 0x000000002b007800 Exception <a 'java/lang/InterruptedException': sleep interrupted> (0x00000007be4834b8) thrown at [C:\re\workspace\8-2-build-windows-amd64-cygwin\jdk8u51\3951\hotspot\src\share\vm\prims\jvm.cpp, line 3211]
Event: 4451.826 Thread 0x000000002b007800 Exception <a 'java/lang/InterruptedException': sleep interrupted> (0x00000007be4836b8) thrown at [C:\re\workspace\8-2-build-windows-amd64-cygwin\jdk8u51\3951\hotspot\src\share\vm\prims\jvm.cpp, line 3211]
Event: 4451.827 Thread 0x000000002b007800 Exception <a 'java/lang/InterruptedException': sleep interrupted> (0x00000007bf2ffe68) thrown at [C:\re\workspace\8-2-build-windows-amd64-cygwin\jdk8u51\3951\hotspot\src\share\vm\prims\jvm.cpp, line 3163]
Event: 4451.836 Thread 0x000000002b007800 Exception <a 'java/lang/InterruptedException': sleep interrupted> (0x00000007bf2fffd8) thrown at [C:\re\workspace\8-2-build-windows-amd64-cygwin\jdk8u51\3951\hotspot\src\share\vm\prims\jvm.cpp, line 3211]
Event: 4451.986 Thread 0x000000002b007800 Exception <a 'java/lang/InterruptedException': sleep interrupted> (0x00000007bf64f670) thrown at [C:\re\workspace\8-2-build-windows-amd64-cygwin\jdk8u51\3951\hotspot\src\share\vm\prims\jvm.cpp, line 3211]

Events (10 events):
Event: 4451.986 Executing VM operation: RevokeBias
Event: 4452.007 Executing VM operation: RevokeBias done
Event: 4452.008 Executing VM operation: RevokeBias
Event: 4452.013 Executing VM operation: RevokeBias done
Event: 4452.013 Executing VM operation: RevokeBias
Event: 4452.013 Executing VM operation: RevokeBias done
Event: 4452.068 Executing VM operation: G1IncCollectionPause
Event: 4452.100 Executing VM operation: G1IncCollectionPause done
Event: 4452.176 Executing VM operation: G1IncCollectionPause
Event: 4452.183 Executing VM operation: G1IncCollectionPause done


Dynamic libraries:
0x00007ff7b1cb0000 - 0x00007ff7b1ce7000 	C:\Users\User\AppData\Roaming\.minecraft\runtime\jre-legacy\windows\jre-legacy\bin\javaw.exe
0x00007ff94bf90000 - 0x00007ff94c185000 	C:\WINDOWS\SYSTEM32\ntdll.dll
0x00007ff9239a0000 - 0x00007ff9239b6000 	C:\Program Files\AVAST Software\Avast\aswhook.dll
0x00007ff94a4c0000 - 0x00007ff94a57e000 	C:\WINDOWS\System32\KERNEL32.DLL
0x00007ff9496a0000 - 0x00007ff949968000 	C:\WINDOWS\System32\KERNELBASE.dll
0x00007ff94b0a0000 - 0x00007ff94b14e000 	C:\WINDOWS\System32\ADVAPI32.dll
0x00007ff94b150000 - 0x00007ff94b1ee000 	C:\WINDOWS\System32\msvcrt.dll
0x00007ff94b990000 - 0x00007ff94ba2c000 	C:\WINDOWS\System32\sechost.dll
0x00007ff94af10000 - 0x00007ff94b035000 	C:\WINDOWS\System32\RPCRT4.dll
0x00007ff94a0b0000 - 0x00007ff94a251000 	C:\WINDOWS\System32\USER32.dll
0x00007ff949ca0000 - 0x00007ff949cc2000 	C:\WINDOWS\System32\win32u.dll
0x00007ff94a430000 - 0x00007ff94a45b000 	C:\WINDOWS\System32\GDI32.dll
0x00007ff949ec0000 - 0x00007ff949fcd000 	C:\WINDOWS\System32\gdi32full.dll
0x00007ff949c00000 - 0x00007ff949c9d000 	C:\WINDOWS\System32\msvcp_win.dll
0x00007ff949d60000 - 0x00007ff949e60000 	C:\WINDOWS\System32\ucrtbase.dll
0x00007ff93a1b0000 - 0x00007ff93a44a000 	C:\WINDOWS\WinSxS\amd64_microsoft.windows.common-controls_6595b64144ccf1df_6.0.19041.1110_none_60b5254171f9507e\COMCTL32.dll
0x00007ff94ba90000 - 0x00007ff94bac0000 	C:\WINDOWS\System32\IMM32.DLL
0x0000000055a90000 - 0x0000000055b62000 	C:\Users\User\AppData\Roaming\.minecraft\runtime\jre-legacy\windows\jre-legacy\bin\msvcr100.dll
0x0000000054210000 - 0x0000000054a93000 	C:\Users\User\AppData\Roaming\.minecraft\runtime\jre-legacy\windows\jre-legacy\bin\server\jvm.dll
0x00007ff949fd0000 - 0x00007ff949fd8000 	C:\WINDOWS\System32\PSAPI.DLL
0x00007ff942b50000 - 0x00007ff942b5a000 	C:\WINDOWS\SYSTEM32\VERSION.dll
0x00007ff942620000 - 0x00007ff942629000 	C:\WINDOWS\SYSTEM32\WSOCK32.dll
0x00007ff93dfb0000 - 0x00007ff93dfd7000 	C:\WINDOWS\SYSTEM32\WINMM.dll
0x00007ff94b600000 - 0x00007ff94b66b000 	C:\WINDOWS\System32\WS2_32.dll
0x0000000055a80000 - 0x0000000055a8f000 	C:\Users\User\AppData\Roaming\.minecraft\runtime\jre-legacy\windows\jre-legacy\bin\verify.dll
0x0000000055a50000 - 0x0000000055a79000 	C:\Users\User\AppData\Roaming\.minecraft\runtime\jre-legacy\windows\jre-legacy\bin\java.dll
0x0000000055a30000 - 0x0000000055a46000 	C:\Users\User\AppData\Roaming\.minecraft\runtime\jre-legacy\windows\jre-legacy\bin\zip.dll
0x00007ff94a7c0000 - 0x00007ff94af04000 	C:\WINDOWS\System32\SHELL32.dll
0x00007ff9477b0000 - 0x00007ff947f45000 	C:\WINDOWS\SYSTEM32\windows.storage.dll
0x00007ff94b1f0000 - 0x00007ff94b545000 	C:\WINDOWS\System32\combase.dll
0x00007ff9490f0000 - 0x00007ff94911e000 	C:\WINDOWS\SYSTEM32\Wldp.dll
0x00007ff94b550000 - 0x00007ff94b5fd000 	C:\WINDOWS\System32\SHCORE.dll
0x00007ff94b7a0000 - 0x00007ff94b7f5000 	C:\WINDOWS\System32\shlwapi.dll
0x00007ff9495e0000 - 0x00007ff9495ff000 	C:\WINDOWS\SYSTEM32\profapi.dll
0x0000000055a20000 - 0x0000000055a2d000 	C:\Users\User\AppData\Roaming\.minecraft\runtime\jre-legacy\windows\jre-legacy\bin\management.dll
0x0000000055a00000 - 0x0000000055a1a000 	C:\Users\User\AppData\Roaming\.minecraft\runtime\jre-legacy\windows\jre-legacy\bin\net.dll
0x00007ff948e50000 - 0x00007ff948eba000 	C:\WINDOWS\system32\mswsock.dll
0x00007ff92d620000 - 0x00007ff92d637000 	C:\WINDOWS\system32\napinsp.dll
0x00007ff92d600000 - 0x00007ff92d61b000 	C:\WINDOWS\system32\pnrpnsp.dll
0x00007ff943c10000 - 0x00007ff943c25000 	C:\WINDOWS\system32\wshbth.dll
0x00007ff945320000 - 0x00007ff94533d000 	C:\WINDOWS\system32\NLAapi.dll
0x00007ff948af0000 - 0x00007ff948b2b000 	C:\WINDOWS\SYSTEM32\IPHLPAPI.DLL
0x00007ff948b40000 - 0x00007ff948c0b000 	C:\WINDOWS\SYSTEM32\DNSAPI.dll
0x00007ff94bf40000 - 0x00007ff94bf48000 	C:\WINDOWS\System32\NSI.dll
0x00007ff92d4e0000 - 0x00007ff92d4f2000 	C:\WINDOWS\System32\winrnr.dll
0x00007ff938890000 - 0x00007ff93890f000 	C:\WINDOWS\System32\fwpuclnt.dll
0x00007ff949970000 - 0x00007ff949997000 	C:\WINDOWS\System32\bcrypt.dll
0x00007ff9425a0000 - 0x00007ff9425aa000 	C:\Windows\System32\rasadhlp.dll
0x00000000559e0000 - 0x00000000559f1000 	C:\Users\User\AppData\Roaming\.minecraft\runtime\jre-legacy\windows\jre-legacy\bin\nio.dll
0x00000000559b0000 - 0x00000000559d4000 	C:\Users\User\AppData\Roaming\.minecraft\runtime\jre-legacy\windows\jre-legacy\bin\sunec.dll
0x00007ff949040000 - 0x00007ff949058000 	C:\WINDOWS\SYSTEM32\CRYPTSP.dll
0x00007ff948760000 - 0x00007ff948794000 	C:\WINDOWS\system32\rsaenh.dll
0x00007ff9495a0000 - 0x00007ff9495ce000 	C:\WINDOWS\SYSTEM32\USERENV.dll
0x00007ff949cd0000 - 0x00007ff949d52000 	C:\WINDOWS\System32\bcryptprimitives.dll
0x00007ff949060000 - 0x00007ff94906c000 	C:\WINDOWS\SYSTEM32\CRYPTBASE.dll
0x00007ff942980000 - 0x00007ff942997000 	C:\WINDOWS\SYSTEM32\dhcpcsvc6.DLL
0x00007ff942960000 - 0x00007ff94297d000 	C:\WINDOWS\SYSTEM32\dhcpcsvc.DLL
0x0000000055990000 - 0x00000000559a7000 	C:\Users\User\AppData\Roaming\.minecraft\runtime\jre-legacy\windows\jre-legacy\bin\unpack.dll
0x0000000180000000 - 0x0000000180053000 	C:\Users\User\AppData\Roaming\.minecraft\versions\Mixath kalmann\natives\lwjgl64.dll
0x00007ff910ea0000 - 0x00007ff910fc5000 	C:\WINDOWS\SYSTEM32\OPENGL32.dll
0x00007ff9278c0000 - 0x00007ff9278ec000 	C:\WINDOWS\SYSTEM32\GLU32.dll
0x00000000557f0000 - 0x0000000055988000 	C:\Users\User\AppData\Roaming\.minecraft\runtime\jre-legacy\windows\jre-legacy\bin\awt.dll
0x00007ff949fe0000 - 0x00007ff94a0ad000 	C:\WINDOWS\System32\OLEAUT32.dll
0x00007ff946ef0000 - 0x00007ff946f80000 	C:\WINDOWS\SYSTEM32\apphelp.dll
0x00007ff941820000 - 0x00007ff9418ce000 	C:\WINDOWS\SYSTEM32\mscms.dll
0x00007ff941800000 - 0x00007ff941811000 	C:\WINDOWS\SYSTEM32\ColorAdapterClient.dll
0x00007ff9475b0000 - 0x00007ff9475c2000 	C:\WINDOWS\SYSTEM32\kernel.appcore.dll
0x00007ff94a380000 - 0x00007ff94a429000 	C:\WINDOWS\System32\clbcatq.dll
0x00007ff949bb0000 - 0x00007ff949bfe000 	C:\WINDOWS\System32\cfgmgr32.dll
0x00007ff947090000 - 0x00007ff94712e000 	C:\WINDOWS\system32\uxtheme.dll
0x00007ff94a260000 - 0x00007ff94a375000 	C:\WINDOWS\System32\MSCTF.dll
0x00007ff93dd70000 - 0x00007ff93de69000 	C:\WINDOWS\SYSTEM32\textinputframework.dll
0x00007ff9465d0000 - 0x00007ff94692e000 	C:\WINDOWS\System32\CoreUIComponents.dll
0x00007ff946cb0000 - 0x00007ff946da2000 	C:\WINDOWS\System32\CoreMessaging.dll
0x00007ff948390000 - 0x00007ff9483c3000 	C:\WINDOWS\SYSTEM32\ntmarta.dll
0x00007ff9455f0000 - 0x00007ff945744000 	C:\WINDOWS\SYSTEM32\wintypes.dll
0x00007ff8dfe20000 - 0x00007ff8e2e47000 	C:\WINDOWS\System32\DriverStore\FileRepository\nvmdi.inf_amd64_4ef17f85da2b0fa5\nvoglv64.dll
0x00007ff94bac0000 - 0x00007ff94bf32000 	C:\WINDOWS\System32\SETUPAPI.dll
0x00007ff94b670000 - 0x00007ff94b79a000 	C:\WINDOWS\System32\ole32.dll
0x00007ff944dd0000 - 0x00007ff944de4000 	C:\WINDOWS\SYSTEM32\WTSAPI32.dll
0x00007ff949280000 - 0x00007ff949292000 	C:\WINDOWS\SYSTEM32\msasn1.dll
0x00007ff942340000 - 0x00007ff942371000 	C:\WINDOWS\SYSTEM32\cryptnet.dll
0x00007ff949a50000 - 0x00007ff949ba6000 	C:\WINDOWS\System32\CRYPT32.dll
0x00007ff93fca0000 - 0x00007ff93fdea000 	C:\WINDOWS\SYSTEM32\drvstore.dll
0x00007ff949440000 - 0x00007ff949474000 	C:\WINDOWS\SYSTEM32\devobj.dll
0x00007ff949e60000 - 0x00007ff949ec0000 	C:\WINDOWS\System32\WINTRUST.dll
0x00007ff940d20000 - 0x00007ff940d5b000 	C:\WINDOWS\SYSTEM32\dxcore.dll
0x00007ff8ef190000 - 0x00007ff8ef453000 	C:\WINDOWS\system32\nvspcap64.dll
0x00007ff9472c0000 - 0x00007ff9472ef000 	C:\WINDOWS\SYSTEM32\dwmapi.dll
0x00007ff925aa0000 - 0x00007ff925ae3000 	C:\WINDOWS\SYSTEM32\icm32.dll
0x00007ff948c10000 - 0x00007ff948c5b000 	C:\WINDOWS\SYSTEM32\powrprof.dll
0x00007ff948ad0000 - 0x00007ff948ae2000 	C:\WINDOWS\SYSTEM32\UMPDC.dll
0x00007ff948400000 - 0x00007ff94845a000 	C:\WINDOWS\SYSTEM32\WINSTA.dll
0x00007ff9231d0000 - 0x00007ff923212000 	C:\Users\User\AppData\Local\Temp\jna-2645995\jna3314537783886101116.dll
0x00007ff922120000 - 0x00007ff9221bc000 	C:\Users\User\AppData\Local\Temp\discord-rpc\discord-rpc.dll
0x00000000288b0000 - 0x0000000028914000 	C:\Users\User\AppData\Roaming\.minecraft\versions\Mixath kalmann\natives\OpenAL64.dll
0x00007ff917550000 - 0x00007ff9175ec000 	C:\WINDOWS\SYSTEM32\dsound.dll
0x00007ff92d820000 - 0x00007ff92d846000 	C:\WINDOWS\SYSTEM32\winmmbase.dll
0x00007ff943570000 - 0x00007ff9435f5000 	C:\WINDOWS\System32\MMDevApi.dll
0x00007ff943620000 - 0x00007ff9437a1000 	C:\WINDOWS\SYSTEM32\AUDIOSES.DLL
0x00007ff9471c0000 - 0x00007ff9471d4000 	C:\WINDOWS\SYSTEM32\resourcepolicyclient.dll
0x00000000557b0000 - 0x00000000557e1000 	C:\Users\User\AppData\Roaming\.minecraft\runtime\jre-legacy\windows\jre-legacy\bin\jpeg.dll
0x00007ff93acf0000 - 0x00007ff93ad0a000 	C:\Users\User\AppData\Roaming\.minecraft\versions\Mixath kalmann\natives\SAPIWrapper_x64.dll
0x00007ff927a90000 - 0x00007ff927ad4000 	C:\Windows\System32\Windows.Internal.Graphics.Display.DisplayColorManagement.dll
0x00007ff928f30000 - 0x00007ff928fe0000 	C:\WINDOWS\WinSxS\amd64_microsoft.windows.common-controls_6595b64144ccf1df_5.82.19041.1110_none_792d1c772443f647\comctl32.dll
0x0000000055760000 - 0x00000000557a7000 	C:\Users\User\AppData\Roaming\.minecraft\runtime\jre-legacy\windows\jre-legacy\bin\fontmanager.dll
0x00007ff93e9b0000 - 0x00007ff93eb80000 	C:\WINDOWS\system32\d3d9.dll
0x00007ff940ad0000 - 0x00007ff940bd7000 	C:\WINDOWS\System32\DriverStore\FileRepository\nvmdi.inf_amd64_4ef17f85da2b0fa5\nvldumdx.dll
0x00007ff94b8e0000 - 0x00007ff94b8fd000 	C:\WINDOWS\System32\imagehlp.dll
0x00007ff8f9310000 - 0x00007ff8faa98000 	C:\WINDOWS\System32\DriverStore\FileRepository\nvmdi.inf_amd64_4ef17f85da2b0fa5\nvd3dumx.dll
0x00007ff947f60000 - 0x00007ff947f83000 	C:\WINDOWS\SYSTEM32\gpapi.dll
0x0000000036850000 - 0x0000000036892000 	C:\Users\User\AppData\Roaming\.minecraft\runtime\jre-legacy\windows\jre-legacy\bin\t2k.dll
0x00007ff944740000 - 0x00007ff944836000 	C:\WINDOWS\SYSTEM32\PROPSYS.dll
0x00007ff930c80000 - 0x00007ff930c97000 	C:\WINDOWS\system32\NetworkExplorer.dll
0x00007ff93c0c0000 - 0x00007ff93c0dd000 	C:\WINDOWS\SYSTEM32\MPR.dll
0x00007ff930720000 - 0x00007ff93072b000 	C:\WINDOWS\System32\drprov.dll
0x00007ff925a70000 - 0x00007ff925a91000 	C:\WINDOWS\System32\ntlanman.dll
0x00007ff92cbe0000 - 0x00007ff92cbfe000 	C:\WINDOWS\System32\davclnt.dll
0x00007ff92f350000 - 0x00007ff92f35d000 	C:\WINDOWS\System32\DAVHLPR.dll
0x00007ff948880000 - 0x00007ff948899000 	C:\WINDOWS\System32\wkscli.dll
0x00007ff92cc20000 - 0x00007ff92cc32000 	C:\WINDOWS\SYSTEM32\cscapi.dll
0x00007ff948b30000 - 0x00007ff948b3c000 	C:\WINDOWS\System32\netutils.dll
0x00007ff92e4b0000 - 0x00007ff92e506000 	C:\Windows\System32\dlnashext.dll
0x00007ff920690000 - 0x00007ff9206f4000 	C:\Windows\System32\PlayToDevice.dll
0x00007ff943300000 - 0x00007ff943320000 	C:\Windows\System32\DevDispItemProvider.dll
0x00007ff90ec70000 - 0x00007ff90ed11000 	C:\WINDOWS\system32\wpdshext.dll
0x00007ff939f90000 - 0x00007ff93a139000 	C:\WINDOWS\WinSxS\amd64_microsoft.windows.gdiplus_6595b64144ccf1df_1.1.19041.1466_none_91a4907ccc87e3b8\gdiplus.dll
0x00007ff90a0a0000 - 0x00007ff90a143000 	C:\Windows\System32\PortableDeviceApi.dll

VM Arguments:
jvm_args: -Dos.name=Windows 10 -Dos.version=10.0 -Djava.library.path=C:\Users\User\AppData\Roaming\.minecraft\versions\Mixath kalmann\natives -Xmn128M -Xmx5084M -XX:+UnlockExperimentalVMOptions -XX:+UseG1GC -XX:G1NewSizePercent=20 -XX:G1ReservePercent=20 -XX:MaxGCPauseMillis=50 -XX:G1HeapRegionSize=32M -Dfml.ignoreInvalidMinecraftCertificates=true -Dfml.ignorePatchDiscrepancies=true -Djava.net.preferIPv4Stack=true -Dminecraft.applet.TargetDirectory=C:\Users\User\AppData\Roaming\.minecraft\versions\Mixath kalmann -Dlog4j.configurationFile=C:\Users\User\AppData\Roaming\.minecraft\assets\log_configs\client-1.12.xml -DLibLoader.modsFolder=C:\Users\User\AppData\Roaming\.minecraft\versions\Mixath kalmann\mods 
java_command: net.minecraft.launchwrapper.Launch --username Zsiga6469 --version Mixath kalmann --gameDir C:\Users\User\AppData\Roaming\.minecraft\versions\Mixath kalmann --assetsDir C:\Users\User\AppData\Roaming\.minecraft\assets --assetIndex 1.12 --uuid 89050e79d7a711e88716002590a1379b --accessToken null --userType mojang --tweakClass net.minecraftforge.fml.common.launcher.FMLTweaker --versionType Forge --width 925 --height 530
java_class_path (initial): C:\Users\User\AppData\Roaming\.minecraft\libraries\net\minecraftforge\forge\1.12.2-14.23.5.2860\forge-1.12.2-14.23.5.2860.jar;C:\Users\User\AppData\Roaming\.minecraft\libraries\org\ow2\asm\asm-debug-all\5.2\asm-debug-all-5.2.jar;C:\Users\User\AppData\Roaming\.minecraft\libraries\net\minecraft\launchwrapper\1.12\launchwrapper-1.12.jar;C:\Users\User\AppData\Roaming\.minecraft\libraries\org\jline\jline\3.5.1\jline-3.5.1.jar;C:\Users\User\AppData\Roaming\.minecraft\libraries\com\typesafe\akka\akka-actor_2.11\2.3.3\akka-actor_2.11-2.3.3.jar;C:\Users\User\AppData\Roaming\.minecraft\libraries\com\typesafe\config\1.2.1\config-1.2.1.jar;C:\Users\User\AppData\Roaming\.minecraft\libraries\org\scala-lang\scala-actors-migration_2.11\1.1.0\scala-actors-migration_2.11-1.1.0.jar;C:\Users\User\AppData\Roaming\.minecraft\libraries\org\scala-lang\scala-compiler\2.11.1\scala-compiler-2.11.1.jar;C:\Users\User\AppData\Roaming\.minecraft\libraries\org\scala-lang\plugins\scala-continuations-library_2.11\1.0.2_mc\scala-continuations-library_2.11-1.0.2_mc.jar;C:\Users\User\AppData\Roaming\.minecraft\libraries\org\scala-lang\plugins\scala-continuations-plugin_2.11.1\1.0.2_mc\scala-continuations-plugin_2.11.1-1.0.2_mc.jar;C:\Users\User\AppData\Roaming\.minecraft\libraries\org\scala-lang\scala-library\2.11.1\scala-library-2.11.1.jar;C:\Users\User\AppData\Roaming\.minecraft\libraries\org\scala-lang\scala-parser-combinators_2.11\1.0.1\scala-parser-combinators_2.11-1.0.1.jar;C:\Users\User\AppData\Roaming\.minecraft\libraries\org\scala-lang\scala-reflect\2.11.1\scala-reflect-2.11.1.jar;C:\Users\User\AppData\Roaming\.minecraft\libraries\org\scala-lang\scala-swing_2.11\1.0.1\scala-swing_2.11-1.0.1.jar;C:\Users\User\AppData\Roaming\.minecraft\libraries\org\scala-lang\scala-xml_2.11\1.0.2\scala-xml_2.11-1.0.2.jar;C:\Users\User\AppData\Roaming\.minecraft\libraries\lzma\lzma\0.0.1\lzma-0.0.1.jar;C:\Users\User\AppData\Roaming\.minecraft\libraries\java3d\vecmath\1.5.2\vecmath-1
Launcher Type: SUN_STANDARD

Environment Variables:
PATH=C:\Program Files (x86)\Common Files\Oracle\Java\javapath;C:\Windows\system32;C:\Windows;C:\Windows\System32\Wbem;C:\Windows\System32\WindowsPowerShell\v1.0\;C:\Windows\System32\OpenSSH\;C:\Program Files (x86)\NVIDIA Corporation\PhysX\Common;C:\Program Files\NVIDIA Corporation\NVIDIA NvDLISR;C:\WINDOWS\system32;C:\WINDOWS;C:\WINDOWS\System32\Wbem;C:\WINDOWS\System32\WindowsPowerShell\v1.0\;C:\WINDOWS\System32\OpenSSH\;C:\Program Files\dotnet\;C:\Program Files\Microsoft SQL Server\130\Tools\Binn\;C:\Program Files\Microsoft SQL Server\Client SDK\ODBC\170\Tools\Binn\;C:\Program Files\Git\cmd;C:\Program Files\PuTTY\;C:\Program Files\mingw-w64\x86_64-8.1.0-posix-seh-rt_v6-rev0\mingw64\bin;C:\Users\User\AppData\Local\Programs\Microsoft VS Code\bin;C:\Users\User\.dotnet\tools;C:\Program Files (x86)\Nmap;C:\Program Files\Java\jre1.8.0_321\bin
USERNAME=User
OS=Windows_NT
PROCESSOR_IDENTIFIER=Intel64 Family 6 Model 58 Stepping 9, GenuineIntel



---------------  S Y S T E M  ---------------

OS: Windows 10.0 , 64 bit Build 19041 (10.0.19041.1466)

CPU:total 8 (4 cores per cpu, 2 threads per core) family 6 model 58 stepping 9, cmov, cx8, fxsr, mmx, sse, sse2, sse3, ssse3, sse4.1, sse4.2, popcnt, avx, aes, clmul, erms, ht, tsc, tscinvbit, tscinv

Memory: 4k page, physical 8330196k(1251856k free), swap 18458092k(2742144k free)

vm_info: Java HotSpot(TM) 64-Bit Server VM (25.51-b03) for windows-amd64 JRE (1.8.0_51-b16), built on Jun  8 2015 18:03:07 by "java_re" with MS VC++ 10.0 (VS2010)

time: Tue Feb 08 20:58:51 2022
elapsed time: 4452 seconds (0d 1h 14m 12s)

