#
# A fatal error has been detected by the Java Runtime Environment:
#
#  EXCEPTION_ACCESS_VIOLATION (0xc0000005) at pc=0x0000000034e41066, pid=13956, tid=13864
#
# JRE version: Java(TM) SE Runtime Environment (8.0_51-b16) (build 1.8.0_51-b16)
# Java VM: Java HotSpot(TM) 64-Bit Server VM (25.51-b03 mixed mode windows-amd64 compressed oops)
# Problematic frame:
# C  [OpenAL64.dll+0x11066]
#
# Failed to write core dump. Minidumps are not enabled by default on client versions of Windows
#
# If you would like to submit a bug report, please visit:
#   http://bugreport.java.com/bugreport/crash.jsp
# The crash happened outside the Java Virtual Machine in native code.
# See problematic frame for where to report the bug.
#

---------------  T H R E A D  ---------------

Current thread (0x0000000030abf000):  JavaThread "Thread-6" [_thread_in_native, id=13864, stack(0x0000000040600000,0x0000000040700000)]

siginfo: ExceptionCode=0xc0000005, reading address 0x00000000313c8004

Registers:
RAX=0x0000000000000004, RBX=0x0000000048320090, RCX=0x00000000313c8008, RDX=0x00000000313c8004
RSP=0x00000000406ff150, RBP=0x00000000000000ff, RSI=0x00000000313c634c, RDI=0x0000000000000000
R8 =0x000000000000072e, R9 =0x00000000313c634c, R10=0x0000000002dc3bc8, R11=0x00000000667c7bb0
R12=0x0000000000000001, R13=0x000000004819dcd0, R14=0x00000000406ff2e8, R15=0x0000000030abf000
RIP=0x0000000034e41066, EFLAGS=0x0000000000010202

Top of Stack: (sp=0x00000000406ff150)
0x00000000406ff150:   0000000000000000 000000006666b52b
0x00000000406ff160:   0000000030abf000 0000000030abf000
0x00000000406ff170:   000000004819dcd0 0000000000000000
0x00000000406ff180:   0000000030abf000 00000000325f0140
0x00000000406ff190:   000000004819dcd0 00000000406ff2e8
0x00000000406ff1a0:   000000003fb98910 0000000066659836
0x00000000406ff1b0:   00000000406ff958 000000002f919170
0x00000000406ff1c0:   0000000030abf000 00000000406ff2e8
0x00000000406ff1d0:   000000004819dcd0 0000000000000000
0x00000000406ff1e0:   00000000313c634c 00000005698653e0
0x00000000406ff1f0:   00000000406ff2b0 0000000034e4248f
0x00000000406ff200:   0000000048320090 0000000048320090
0x00000000406ff210:   000000000000ac44 0000000500000004
0x00000000406ff220:   0000000000000010 0000000002dc3bf4
0x00000000406ff230:   000000004819dcd0 0000000002dc395d
0x00000000406ff240:   0000000030abf000 000000004819dcd0 

Instructions: (pc=0x0000000034e41066)
0x0000000034e41046:   41 2b ec 81 3a 03 00 02 00 75 09 8b 01 89 84 24
0x0000000034e41056:   c8 00 00 00 49 83 c0 02 48 83 c1 08 4a 8d 14 86
0x0000000034e41066:   39 3a 75 af 4c 8d 84 24 c0 00 00 00 48 8d 15 d7
0x0000000034e41076:   2b 03 00 33 c9 e8 58 5f 00 00 b8 40 1f 00 00 4c 


Register to memory mapping:

RAX=0x0000000000000004 is an unknown value
RBX=0x0000000048320090 is an unknown value
RCX=0x00000000313c8008 is an unknown value
RDX=0x00000000313c8004 is an unknown value
RSP=0x00000000406ff150 is pointing into the stack for thread: 0x0000000030abf000
RBP=0x00000000000000ff is an unknown value
RSI=0x00000000313c634c is an unknown value
RDI=0x0000000000000000 is an unknown value
R8 =0x000000000000072e is an unknown value
R9 =0x00000000313c634c is an unknown value
R10=0x0000000002dc3bc8 is at code_begin+840 in an Interpreter codelet
method entry point (kind = native)  [0x0000000002dc3880, 0x0000000002dc41e0]  2400 bytes
R11=0x00000000667c7bb0 is an unknown value
R12=0x0000000000000001 is an unknown value
R13={method} {0x000000004819dcd8} 'nalcCreateContext' '(JJ)J' in 'org/lwjgl/openal/ALC10'
R14=0x00000000406ff2e8 is pointing into the stack for thread: 0x0000000030abf000
R15=0x0000000030abf000 is a thread


Stack: [0x0000000040600000,0x0000000040700000],  sp=0x00000000406ff150,  free space=1020k
Native frames: (J=compiled Java code, j=interpreted, Vv=VM code, C=native code)
C  [OpenAL64.dll+0x11066]
C  [OpenAL64.dll+0x1248f]
C  0x0000000002dc3bf4

Java frames: (J=compiled Java code, j=interpreted, Vv=VM code)
j  org.lwjgl.openal.ALC10.nalcCreateContext(JJ)J+0
j  org.lwjgl.openal.ALC10.alcCreateContext(Lorg/lwjgl/openal/ALCdevice;Ljava/nio/IntBuffer;)Lorg/lwjgl/openal/ALCcontext;+8
j  org.lwjgl.openal.AL.init(Ljava/lang/String;IIZZ)V+69
j  org.lwjgl.openal.AL.create(Ljava/lang/String;IIZZ)V+246
j  org.lwjgl.openal.AL.create(Ljava/lang/String;IIZ)V+5
j  org.lwjgl.openal.AL.create()V+6
j  paulscode.sound.libraries.LibraryLWJGLOpenAL.init()V+2
j  paulscode.sound.SoundSystem.CommandNewLibrary(Ljava/lang/Class;)V+273
j  paulscode.sound.SoundSystem.CommandQueue(Lpaulscode/sound/CommandObject;)Z+1206
j  paulscode.sound.CommandThread.run()V+51
v  ~StubRoutines::call_stub

---------------  P R O C E S S  ---------------

Java Threads: ( => current thread )
  0x0000000030abf800 JavaThread "Thread-7" [_thread_blocked, id=13704, stack(0x0000000044c30000,0x0000000044d30000)]
=>0x0000000030abf000 JavaThread "Thread-6" [_thread_in_native, id=13864, stack(0x0000000040600000,0x0000000040700000)]
  0x0000000030ab9800 JavaThread "Sound Library Loader" [_thread_blocked, id=8792, stack(0x000000003f2d0000,0x000000003f3d0000)]
  0x0000000030abd800 JavaThread "pool-2-thread-1" [_thread_blocked, id=14636, stack(0x000000003edb0000,0x000000003eeb0000)]
  0x0000000030abc800 JavaThread "Keep-Alive-SocketCleaner" daemon [_thread_blocked, id=952, stack(0x000000003ecb0000,0x000000003edb0000)]
  0x000000003149b800 JavaThread "LWJGL Timer" daemon [_thread_blocked, id=15232, stack(0x000000003d900000,0x000000003da00000)]
  0x0000000031499800 JavaThread "Thread-3" [_thread_in_native, id=11844, stack(0x000000003d6e0000,0x000000003d7e0000)]
  0x000000003149b000 JavaThread "Java2D Disposer" daemon [_thread_blocked, id=9820, stack(0x00000000346c0000,0x00000000347c0000)]
  0x0000000031498800 JavaThread "Timer hack thread" daemon [_thread_blocked, id=14296, stack(0x0000000032410000,0x0000000032510000)]
  0x000000002dbc9000 JavaThread "Snooper Timer" daemon [_thread_blocked, id=6984, stack(0x00000000320e0000,0x00000000321e0000)]
  0x000000002db4e000 JavaThread "Service Thread" daemon [_thread_blocked, id=13428, stack(0x000000002e130000,0x000000002e230000)]
  0x000000002d42e800 JavaThread "C1 CompilerThread2" daemon [_thread_in_vm, id=11652, stack(0x000000002e030000,0x000000002e130000)]
  0x000000002d42c000 JavaThread "C2 CompilerThread1" daemon [_thread_in_native, id=8492, stack(0x000000002df30000,0x000000002e030000)]
  0x000000002d3ea800 JavaThread "C2 CompilerThread0" daemon [_thread_in_native, id=13660, stack(0x000000002da30000,0x000000002db30000)]
  0x000000002d3e8800 JavaThread "Attach Listener" daemon [_thread_blocked, id=14488, stack(0x000000002d930000,0x000000002da30000)]
  0x000000002d3e4000 JavaThread "Signal Dispatcher" daemon [_thread_blocked, id=14056, stack(0x000000002d830000,0x000000002d930000)]
  0x000000002d3e3000 JavaThread "Surrogate Locker Thread (Concurrent GC)" daemon [_thread_blocked, id=11452, stack(0x000000002d730000,0x000000002d830000)]
  0x000000002d387000 JavaThread "Finalizer" daemon [_thread_blocked, id=14308, stack(0x000000002d630000,0x000000002d730000)]
  0x000000002d380800 JavaThread "Reference Handler" daemon [_thread_blocked, id=3524, stack(0x000000002d530000,0x000000002d630000)]
  0x0000000002c54000 JavaThread "Client thread" [_thread_in_vm, id=12076, stack(0x0000000002b40000,0x0000000002c40000)]

Other Threads:
  0x0000000002d48800 VMThread [stack: 0x000000002d430000,0x000000002d530000] [id=13672]
  0x000000002db61800 WatcherThread [stack: 0x000000002e230000,0x000000002e330000] [id=3284]

VM state:not at safepoint (normal execution)

VM Mutex/Monitor currently owned by a thread:  ([mutex/lock_event])
[0x0000000002c52260] Compile_lock - owner thread: 0x000000002d3ea800
[0x0000000002c531e0] MethodCompileQueue_lock - owner thread: 0x000000002d3ea800

Heap:
 garbage-first heap   total 5111808K, used 786432K [0x0000000560000000, 0x00000005620004e0, 0x00000007c0000000)
  region size 32768K, 4 young (131072K), 1 survivors (32768K)
 Metaspace       used 80036K, capacity 81653K, committed 82176K, reserved 1118208K
  class space    used 12699K, capacity 13297K, committed 13312K, reserved 1048576K

Heap Regions: (Y=young(eden), SU=young(survivor), HS=humongous(starts), HC=humongous(continues), CS=collection set, F=free, TS=gc time stamp, PTAMS=previous top-at-mark-start, NTAMS=next top-at-mark-start)
AC   0  O    TS     0 PTAMS 0x0000000562000000 NTAMS 0x0000000562000000 space 32768K, 100% used [0x0000000560000000, 0x0000000562000000)
AC   0  O    TS     0 PTAMS 0x0000000564000000 NTAMS 0x0000000564000000 space 32768K, 100% used [0x0000000562000000, 0x0000000564000000)
AC   0  O    TS    19 PTAMS 0x0000000564000000 NTAMS 0x0000000564000000 space 32768K, 100% used [0x0000000564000000, 0x0000000566000000)
AC   0  O    TS     7 PTAMS 0x0000000566000000 NTAMS 0x0000000566000000 space 32768K, 100% used [0x0000000566000000, 0x0000000568000000)
AC   0  O    TS     0 PTAMS 0x000000056a000000 NTAMS 0x000000056a000000 space 32768K, 100% used [0x0000000568000000, 0x000000056a000000)
AC   0  O    TS     0 PTAMS 0x000000056c000000 NTAMS 0x000000056c000000 space 32768K, 100% used [0x000000056a000000, 0x000000056c000000)
AC   0  O    TS     0 PTAMS 0x000000056e000000 NTAMS 0x000000056e000000 space 32768K, 100% used [0x000000056c000000, 0x000000056e000000)
AC   0  O    TS     0 PTAMS 0x0000000570000000 NTAMS 0x0000000570000000 space 32768K, 100% used [0x000000056e000000, 0x0000000570000000)
AC   0  O    TS     0 PTAMS 0x0000000572000000 NTAMS 0x0000000572000000 space 32768K, 100% used [0x0000000570000000, 0x0000000572000000)
AC   0  O    TS     0 PTAMS 0x0000000574000000 NTAMS 0x0000000574000000 space 32768K, 100% used [0x0000000572000000, 0x0000000574000000)
AC   0  O    TS    19 PTAMS 0x0000000574000000 NTAMS 0x0000000574000000 space 32768K, 100% used [0x0000000574000000, 0x0000000576000000)
AC   0  O    TS    21 PTAMS 0x0000000576000000 NTAMS 0x0000000576000000 space 32768K, 100% used [0x0000000576000000, 0x0000000578000000)
AC   0  O    TS    21 PTAMS 0x0000000578000000 NTAMS 0x0000000578000000 space 32768K, 100% used [0x0000000578000000, 0x000000057a000000)
AC   0  O    TS    21 PTAMS 0x000000057a000000 NTAMS 0x000000057a000000 space 32768K, 100% used [0x000000057a000000, 0x000000057c000000)
AC   0  O    TS    21 PTAMS 0x000000057c000000 NTAMS 0x000000057c000000 space 32768K, 100% used [0x000000057c000000, 0x000000057e000000)
AC   0  O    TS    23 PTAMS 0x000000057e000000 NTAMS 0x000000057e000000 space 32768K, 100% used [0x000000057e000000, 0x0000000580000000)
AC   0  O    TS     3 PTAMS 0x0000000580579000 NTAMS 0x0000000580579000 space 32768K, 100% used [0x0000000580000000, 0x0000000582000000)
AC   0  O    TS     5 PTAMS 0x0000000582000000 NTAMS 0x0000000582000000 space 32768K, 100% used [0x0000000582000000, 0x0000000584000000)
AC   0  F    TS     5 PTAMS 0x0000000584000000 NTAMS 0x0000000584000000 space 32768K,   0% used [0x0000000584000000, 0x0000000586000000)
AC   0 HS    TS     5 PTAMS 0x0000000586000000 NTAMS 0x0000000586000000 space 32768K,  50% used [0x0000000586000000, 0x0000000588000000)
AC   0  O    TS    23 PTAMS 0x0000000588000000 NTAMS 0x0000000588000000 space 32768K, 100% used [0x0000000588000000, 0x000000058a000000)
AC   0  O    TS    23 PTAMS 0x000000058a000000 NTAMS 0x000000058a000000 space 32768K, 100% used [0x000000058a000000, 0x000000058c000000)
AC   0  O    TS    23 PTAMS 0x000000058c000000 NTAMS 0x000000058c000000 space 32768K,  50% used [0x000000058c000000, 0x000000058e000000)
AC   0  F    TS     5 PTAMS 0x000000058e000000 NTAMS 0x000000058e000000 space 32768K,   0% used [0x000000058e000000, 0x0000000590000000)
AC   0  F    TS     5 PTAMS 0x0000000590000000 NTAMS 0x0000000590000000 space 32768K,   0% used [0x0000000590000000, 0x0000000592000000)
AC   0  F    TS     5 PTAMS 0x0000000592000000 NTAMS 0x0000000592000000 space 32768K,   0% used [0x0000000592000000, 0x0000000594000000)
AC   0  F    TS     5 PTAMS 0x0000000594000000 NTAMS 0x0000000594000000 space 32768K,   0% used [0x0000000594000000, 0x0000000596000000)
AC   0  F    TS     5 PTAMS 0x0000000596000000 NTAMS 0x0000000596000000 space 32768K,   0% used [0x0000000596000000, 0x0000000598000000)
AC   0  F    TS     5 PTAMS 0x0000000598000000 NTAMS 0x0000000598000000 space 32768K,   0% used [0x0000000598000000, 0x000000059a000000)
AC   0  F    TS     5 PTAMS 0x000000059a000000 NTAMS 0x000000059a000000 space 32768K,   0% used [0x000000059a000000, 0x000000059c000000)
AC   0  F    TS     5 PTAMS 0x000000059c000000 NTAMS 0x000000059c000000 space 32768K,   0% used [0x000000059c000000, 0x000000059e000000)
AC   0  F    TS     5 PTAMS 0x000000059e000000 NTAMS 0x000000059e000000 space 32768K,   0% used [0x000000059e000000, 0x00000005a0000000)
AC   0  F    TS     7 PTAMS 0x00000005a0000000 NTAMS 0x00000005a0000000 space 32768K,   0% used [0x00000005a0000000, 0x00000005a2000000)
AC   0  F    TS     5 PTAMS 0x00000005a2000000 NTAMS 0x00000005a2000000 space 32768K,   0% used [0x00000005a2000000, 0x00000005a4000000)
AC   0  F    TS     5 PTAMS 0x00000005a4000000 NTAMS 0x00000005a4000000 space 32768K,   0% used [0x00000005a4000000, 0x00000005a6000000)
AC   0  F    TS     5 PTAMS 0x00000005a6000000 NTAMS 0x00000005a6000000 space 32768K,   0% used [0x00000005a6000000, 0x00000005a8000000)
AC   0  F    TS     7 PTAMS 0x00000005a8000000 NTAMS 0x00000005a8000000 space 32768K,   0% used [0x00000005a8000000, 0x00000005aa000000)
AC   0  F    TS     7 PTAMS 0x00000005aa000000 NTAMS 0x00000005aa000000 space 32768K,   0% used [0x00000005aa000000, 0x00000005ac000000)
AC   0  F    TS     7 PTAMS 0x00000005ac000000 NTAMS 0x00000005ac000000 space 32768K,   0% used [0x00000005ac000000, 0x00000005ae000000)
AC   0  F    TS     7 PTAMS 0x00000005ae000000 NTAMS 0x00000005ae000000 space 32768K,   0% used [0x00000005ae000000, 0x00000005b0000000)
AC   0  F    TS     7 PTAMS 0x00000005b0000000 NTAMS 0x00000005b0000000 space 32768K,   0% used [0x00000005b0000000, 0x00000005b2000000)
AC   0  F    TS     7 PTAMS 0x00000005b2000000 NTAMS 0x00000005b2000000 space 32768K,   0% used [0x00000005b2000000, 0x00000005b4000000)
AC   0  F    TS     7 PTAMS 0x00000005b4000000 NTAMS 0x00000005b4000000 space 32768K,   0% used [0x00000005b4000000, 0x00000005b6000000)
AC   0  F    TS     7 PTAMS 0x00000005b6000000 NTAMS 0x00000005b6000000 space 32768K,   0% used [0x00000005b6000000, 0x00000005b8000000)
AC   0  F    TS     7 PTAMS 0x00000005b8000000 NTAMS 0x00000005b8000000 space 32768K,   0% used [0x00000005b8000000, 0x00000005ba000000)
AC   0  F    TS     7 PTAMS 0x00000005ba000000 NTAMS 0x00000005ba000000 space 32768K,   0% used [0x00000005ba000000, 0x00000005bc000000)
AC   0  F    TS     7 PTAMS 0x00000005bc000000 NTAMS 0x00000005bc000000 space 32768K,   0% used [0x00000005bc000000, 0x00000005be000000)
AC   0  F    TS     7 PTAMS 0x00000005be000000 NTAMS 0x00000005be000000 space 32768K,   0% used [0x00000005be000000, 0x00000005c0000000)
AC   0  F    TS     7 PTAMS 0x00000005c0000000 NTAMS 0x00000005c0000000 space 32768K,   0% used [0x00000005c0000000, 0x00000005c2000000)
AC   0  F    TS     7 PTAMS 0x00000005c2000000 NTAMS 0x00000005c2000000 space 32768K,   0% used [0x00000005c2000000, 0x00000005c4000000)
AC   0  F    TS     7 PTAMS 0x00000005c4000000 NTAMS 0x00000005c4000000 space 32768K,   0% used [0x00000005c4000000, 0x00000005c6000000)
AC   0  F    TS     7 PTAMS 0x00000005c6000000 NTAMS 0x00000005c6000000 space 32768K,   0% used [0x00000005c6000000, 0x00000005c8000000)
AC   0  F    TS     7 PTAMS 0x00000005c8000000 NTAMS 0x00000005c8000000 space 32768K,   0% used [0x00000005c8000000, 0x00000005ca000000)
AC   0  F    TS     7 PTAMS 0x00000005ca000000 NTAMS 0x00000005ca000000 space 32768K,   0% used [0x00000005ca000000, 0x00000005cc000000)
AC   0  F    TS     7 PTAMS 0x00000005cc000000 NTAMS 0x00000005cc000000 space 32768K,   0% used [0x00000005cc000000, 0x00000005ce000000)
AC   0  F    TS     7 PTAMS 0x00000005ce000000 NTAMS 0x00000005ce000000 space 32768K,   0% used [0x00000005ce000000, 0x00000005d0000000)
AC   0  F    TS     7 PTAMS 0x00000005d0000000 NTAMS 0x00000005d0000000 space 32768K,   0% used [0x00000005d0000000, 0x00000005d2000000)
AC   0  F    TS     7 PTAMS 0x00000005d2000000 NTAMS 0x00000005d2000000 space 32768K,   0% used [0x00000005d2000000, 0x00000005d4000000)
AC   0  F    TS     7 PTAMS 0x00000005d4000000 NTAMS 0x00000005d4000000 space 32768K,   0% used [0x00000005d4000000, 0x00000005d6000000)
AC   0  F    TS     7 PTAMS 0x00000005d6000000 NTAMS 0x00000005d6000000 space 32768K,   0% used [0x00000005d6000000, 0x00000005d8000000)
AC   0  F    TS     7 PTAMS 0x00000005d8000000 NTAMS 0x00000005d8000000 space 32768K,   0% used [0x00000005d8000000, 0x00000005da000000)
AC   0  F    TS     7 PTAMS 0x00000005da000000 NTAMS 0x00000005da000000 space 32768K,   0% used [0x00000005da000000, 0x00000005dc000000)
AC   0  F    TS     7 PTAMS 0x00000005dc000000 NTAMS 0x00000005dc000000 space 32768K,   0% used [0x00000005dc000000, 0x00000005de000000)
AC   0  F    TS     7 PTAMS 0x00000005de000000 NTAMS 0x00000005de000000 space 32768K,   0% used [0x00000005de000000, 0x00000005e0000000)
AC   0  F    TS     7 PTAMS 0x00000005e0000000 NTAMS 0x00000005e0000000 space 32768K,   0% used [0x00000005e0000000, 0x00000005e2000000)
AC   0  F    TS     7 PTAMS 0x00000005e2000000 NTAMS 0x00000005e2000000 space 32768K,   0% used [0x00000005e2000000, 0x00000005e4000000)
AC   0  F    TS     7 PTAMS 0x00000005e4000000 NTAMS 0x00000005e4000000 space 32768K,   0% used [0x00000005e4000000, 0x00000005e6000000)
AC   0  F    TS     7 PTAMS 0x00000005e6000000 NTAMS 0x00000005e6000000 space 32768K,   0% used [0x00000005e6000000, 0x00000005e8000000)
AC   0  F    TS     9 PTAMS 0x00000005e8000000 NTAMS 0x00000005e8000000 space 32768K,   0% used [0x00000005e8000000, 0x00000005ea000000)
AC   0  F    TS     7 PTAMS 0x00000005ea000000 NTAMS 0x00000005ea000000 space 32768K,   0% used [0x00000005ea000000, 0x00000005ec000000)
AC   0  F    TS     7 PTAMS 0x00000005ec000000 NTAMS 0x00000005ec000000 space 32768K,   0% used [0x00000005ec000000, 0x00000005ee000000)
AC   0  F    TS     7 PTAMS 0x00000005ee000000 NTAMS 0x00000005ee000000 space 32768K,   0% used [0x00000005ee000000, 0x00000005f0000000)
AC   0  F    TS     9 PTAMS 0x00000005f0000000 NTAMS 0x00000005f0000000 space 32768K,   0% used [0x00000005f0000000, 0x00000005f2000000)
AC   0  F    TS     9 PTAMS 0x00000005f2000000 NTAMS 0x00000005f2000000 space 32768K,   0% used [0x00000005f2000000, 0x00000005f4000000)
AC   0  F    TS     9 PTAMS 0x00000005f4000000 NTAMS 0x00000005f4000000 space 32768K,   0% used [0x00000005f4000000, 0x00000005f6000000)
AC   0  F    TS     9 PTAMS 0x00000005f6000000 NTAMS 0x00000005f6000000 space 32768K,   0% used [0x00000005f6000000, 0x00000005f8000000)
AC   0  F    TS     9 PTAMS 0x00000005f8000000 NTAMS 0x00000005f8000000 space 32768K,   0% used [0x00000005f8000000, 0x00000005fa000000)
AC   0  F    TS     9 PTAMS 0x00000005fa000000 NTAMS 0x00000005fa000000 space 32768K,   0% used [0x00000005fa000000, 0x00000005fc000000)
AC   0  F    TS     9 PTAMS 0x00000005fc000000 NTAMS 0x00000005fc000000 space 32768K,   0% used [0x00000005fc000000, 0x00000005fe000000)
AC   0  F    TS     9 PTAMS 0x00000005fe000000 NTAMS 0x00000005fe000000 space 32768K,   0% used [0x00000005fe000000, 0x0000000600000000)
AC   0  F    TS     9 PTAMS 0x0000000600000000 NTAMS 0x0000000600000000 space 32768K,   0% used [0x0000000600000000, 0x0000000602000000)
AC   0  F    TS     9 PTAMS 0x0000000602000000 NTAMS 0x0000000602000000 space 32768K,   0% used [0x0000000602000000, 0x0000000604000000)
AC   0  F    TS     9 PTAMS 0x0000000604000000 NTAMS 0x0000000604000000 space 32768K,   0% used [0x0000000604000000, 0x0000000606000000)
AC   0  F    TS     9 PTAMS 0x0000000606000000 NTAMS 0x0000000606000000 space 32768K,   0% used [0x0000000606000000, 0x0000000608000000)
AC   0  F    TS     9 PTAMS 0x0000000608000000 NTAMS 0x0000000608000000 space 32768K,   0% used [0x0000000608000000, 0x000000060a000000)
AC   0  F    TS     9 PTAMS 0x000000060a000000 NTAMS 0x000000060a000000 space 32768K,   0% used [0x000000060a000000, 0x000000060c000000)
AC   0  F    TS     9 PTAMS 0x000000060c000000 NTAMS 0x000000060c000000 space 32768K,   0% used [0x000000060c000000, 0x000000060e000000)
AC   0  F    TS     9 PTAMS 0x000000060e000000 NTAMS 0x000000060e000000 space 32768K,   0% used [0x000000060e000000, 0x0000000610000000)
AC   0  F    TS     9 PTAMS 0x0000000610000000 NTAMS 0x0000000610000000 space 32768K,   0% used [0x0000000610000000, 0x0000000612000000)
AC   0  F    TS     9 PTAMS 0x0000000612000000 NTAMS 0x0000000612000000 space 32768K,   0% used [0x0000000612000000, 0x0000000614000000)
AC   0  F    TS     9 PTAMS 0x0000000614000000 NTAMS 0x0000000614000000 space 32768K,   0% used [0x0000000614000000, 0x0000000616000000)
AC   0  F    TS     9 PTAMS 0x0000000616000000 NTAMS 0x0000000616000000 space 32768K,   0% used [0x0000000616000000, 0x0000000618000000)
AC   0  F    TS     9 PTAMS 0x0000000618000000 NTAMS 0x0000000618000000 space 32768K,   0% used [0x0000000618000000, 0x000000061a000000)
AC   0  F    TS     9 PTAMS 0x000000061a000000 NTAMS 0x000000061a000000 space 32768K,   0% used [0x000000061a000000, 0x000000061c000000)
AC   0  F    TS     9 PTAMS 0x000000061c000000 NTAMS 0x000000061c000000 space 32768K,   0% used [0x000000061c000000, 0x000000061e000000)
AC   0  F    TS     9 PTAMS 0x000000061e000000 NTAMS 0x000000061e000000 space 32768K,   0% used [0x000000061e000000, 0x0000000620000000)
AC   0  F    TS     9 PTAMS 0x0000000620000000 NTAMS 0x0000000620000000 space 32768K,   0% used [0x0000000620000000, 0x0000000622000000)
AC   0  F    TS     9 PTAMS 0x0000000622000000 NTAMS 0x0000000622000000 space 32768K,   0% used [0x0000000622000000, 0x0000000624000000)
AC   0  F    TS     9 PTAMS 0x0000000624000000 NTAMS 0x0000000624000000 space 32768K,   0% used [0x0000000624000000, 0x0000000626000000)
AC   0  F    TS     9 PTAMS 0x0000000626000000 NTAMS 0x0000000626000000 space 32768K,   0% used [0x0000000626000000, 0x0000000628000000)
AC   0  F    TS     9 PTAMS 0x0000000628000000 NTAMS 0x0000000628000000 space 32768K,   0% used [0x0000000628000000, 0x000000062a000000)
AC   0  F    TS     9 PTAMS 0x000000062a000000 NTAMS 0x000000062a000000 space 32768K,   0% used [0x000000062a000000, 0x000000062c000000)
AC   0  F    TS     9 PTAMS 0x000000062c000000 NTAMS 0x000000062c000000 space 32768K,   0% used [0x000000062c000000, 0x000000062e000000)
AC   0  F    TS     9 PTAMS 0x000000062e000000 NTAMS 0x000000062e000000 space 32768K,   0% used [0x000000062e000000, 0x0000000630000000)
AC   0  F    TS     9 PTAMS 0x0000000630000000 NTAMS 0x0000000630000000 space 32768K,   0% used [0x0000000630000000, 0x0000000632000000)
AC   0  F    TS     9 PTAMS 0x0000000632000000 NTAMS 0x0000000632000000 space 32768K,   0% used [0x0000000632000000, 0x0000000634000000)
AC   0  F    TS     9 PTAMS 0x0000000634000000 NTAMS 0x0000000634000000 space 32768K,   0% used [0x0000000634000000, 0x0000000636000000)
AC   0  F    TS     9 PTAMS 0x0000000636000000 NTAMS 0x0000000636000000 space 32768K,   0% used [0x0000000636000000, 0x0000000638000000)
AC   0  F    TS     9 PTAMS 0x0000000638000000 NTAMS 0x0000000638000000 space 32768K,   0% used [0x0000000638000000, 0x000000063a000000)
AC   0  F    TS     9 PTAMS 0x000000063a000000 NTAMS 0x000000063a000000 space 32768K,   0% used [0x000000063a000000, 0x000000063c000000)
AC   0  F    TS     9 PTAMS 0x000000063c000000 NTAMS 0x000000063c000000 space 32768K,   0% used [0x000000063c000000, 0x000000063e000000)
AC   0  F    TS     9 PTAMS 0x000000063e000000 NTAMS 0x000000063e000000 space 32768K,   0% used [0x000000063e000000, 0x0000000640000000)
AC   0  F    TS     9 PTAMS 0x0000000640000000 NTAMS 0x0000000640000000 space 32768K,   0% used [0x0000000640000000, 0x0000000642000000)
AC   0  F    TS     9 PTAMS 0x0000000642000000 NTAMS 0x0000000642000000 space 32768K,   0% used [0x0000000642000000, 0x0000000644000000)
AC   0  F    TS     9 PTAMS 0x0000000644000000 NTAMS 0x0000000644000000 space 32768K,   0% used [0x0000000644000000, 0x0000000646000000)
AC   0  F    TS    11 PTAMS 0x0000000646000000 NTAMS 0x0000000646000000 space 32768K,   0% used [0x0000000646000000, 0x0000000648000000)
AC   0  F    TS     9 PTAMS 0x0000000648000000 NTAMS 0x0000000648000000 space 32768K,   0% used [0x0000000648000000, 0x000000064a000000)
AC   0  F    TS     9 PTAMS 0x000000064a000000 NTAMS 0x000000064a000000 space 32768K,   0% used [0x000000064a000000, 0x000000064c000000)
AC   0  F    TS     9 PTAMS 0x000000064c000000 NTAMS 0x000000064c000000 space 32768K,   0% used [0x000000064c000000, 0x000000064e000000)
AC   0  F    TS    11 PTAMS 0x000000064e000000 NTAMS 0x000000064e000000 space 32768K,   0% used [0x000000064e000000, 0x0000000650000000)
AC   0  F    TS    11 PTAMS 0x0000000650000000 NTAMS 0x0000000650000000 space 32768K,   0% used [0x0000000650000000, 0x0000000652000000)
AC   0  F    TS    11 PTAMS 0x0000000652000000 NTAMS 0x0000000652000000 space 32768K,   0% used [0x0000000652000000, 0x0000000654000000)
AC   0  F    TS    11 PTAMS 0x0000000654000000 NTAMS 0x0000000654000000 space 32768K,   0% used [0x0000000654000000, 0x0000000656000000)
AC   0  F    TS    11 PTAMS 0x0000000656000000 NTAMS 0x0000000656000000 space 32768K,   0% used [0x0000000656000000, 0x0000000658000000)
AC   0  F    TS    11 PTAMS 0x0000000658000000 NTAMS 0x0000000658000000 space 32768K,   0% used [0x0000000658000000, 0x000000065a000000)
AC   0  F    TS    11 PTAMS 0x000000065a000000 NTAMS 0x000000065a000000 space 32768K,   0% used [0x000000065a000000, 0x000000065c000000)
AC   0  F    TS    11 PTAMS 0x000000065c000000 NTAMS 0x000000065c000000 space 32768K,   0% used [0x000000065c000000, 0x000000065e000000)
AC   0  F    TS    11 PTAMS 0x000000065e000000 NTAMS 0x000000065e000000 space 32768K,   0% used [0x000000065e000000, 0x0000000660000000)
AC   0  F    TS    11 PTAMS 0x0000000660000000 NTAMS 0x0000000660000000 space 32768K,   0% used [0x0000000660000000, 0x0000000662000000)
AC   0  F    TS    11 PTAMS 0x0000000662000000 NTAMS 0x0000000662000000 space 32768K,   0% used [0x0000000662000000, 0x0000000664000000)
AC   0  F    TS    11 PTAMS 0x0000000664000000 NTAMS 0x0000000664000000 space 32768K,   0% used [0x0000000664000000, 0x0000000666000000)
AC   0  F    TS    11 PTAMS 0x0000000666000000 NTAMS 0x0000000666000000 space 32768K,   0% used [0x0000000666000000, 0x0000000668000000)
AC   0  F    TS    11 PTAMS 0x0000000668000000 NTAMS 0x0000000668000000 space 32768K,   0% used [0x0000000668000000, 0x000000066a000000)
AC   0  F    TS    11 PTAMS 0x000000066a000000 NTAMS 0x000000066a000000 space 32768K,   0% used [0x000000066a000000, 0x000000066c000000)
AC   0  F    TS    11 PTAMS 0x000000066c000000 NTAMS 0x000000066c000000 space 32768K,   0% used [0x000000066c000000, 0x000000066e000000)
AC   0  F    TS    11 PTAMS 0x000000066e000000 NTAMS 0x000000066e000000 space 32768K,   0% used [0x000000066e000000, 0x0000000670000000)
AC   0  F    TS    11 PTAMS 0x0000000670000000 NTAMS 0x0000000670000000 space 32768K,   0% used [0x0000000670000000, 0x0000000672000000)
AC   0  F    TS    11 PTAMS 0x0000000672000000 NTAMS 0x0000000672000000 space 32768K,   0% used [0x0000000672000000, 0x0000000674000000)
AC   0  F    TS    11 PTAMS 0x0000000674000000 NTAMS 0x0000000674000000 space 32768K,   0% used [0x0000000674000000, 0x0000000676000000)
AC   0  F    TS    11 PTAMS 0x0000000676000000 NTAMS 0x0000000676000000 space 32768K,   0% used [0x0000000676000000, 0x0000000678000000)
AC   0  F    TS    11 PTAMS 0x0000000678000000 NTAMS 0x0000000678000000 space 32768K,   0% used [0x0000000678000000, 0x000000067a000000)
AC   0  F    TS    11 PTAMS 0x000000067a000000 NTAMS 0x000000067a000000 space 32768K,   0% used [0x000000067a000000, 0x000000067c000000)
AC   0  F    TS    11 PTAMS 0x000000067c000000 NTAMS 0x000000067c000000 space 32768K,   0% used [0x000000067c000000, 0x000000067e000000)
AC   0  F    TS    11 PTAMS 0x000000067e000000 NTAMS 0x000000067e000000 space 32768K,   0% used [0x000000067e000000, 0x0000000680000000)
AC   0  F    TS    11 PTAMS 0x0000000680000000 NTAMS 0x0000000680000000 space 32768K,   0% used [0x0000000680000000, 0x0000000682000000)
AC   0  F    TS    11 PTAMS 0x0000000682000000 NTAMS 0x0000000682000000 space 32768K,   0% used [0x0000000682000000, 0x0000000684000000)
AC   0  F    TS    11 PTAMS 0x0000000684000000 NTAMS 0x0000000684000000 space 32768K,   0% used [0x0000000684000000, 0x0000000686000000)
AC   0  F    TS    11 PTAMS 0x0000000686000000 NTAMS 0x0000000686000000 space 32768K,   0% used [0x0000000686000000, 0x0000000688000000)
AC   0  F    TS    11 PTAMS 0x0000000688000000 NTAMS 0x0000000688000000 space 32768K,   0% used [0x0000000688000000, 0x000000068a000000)
AC   0  F    TS    11 PTAMS 0x000000068a000000 NTAMS 0x000000068a000000 space 32768K,   0% used [0x000000068a000000, 0x000000068c000000)
AC   0  F    TS    11 PTAMS 0x000000068c000000 NTAMS 0x000000068c000000 space 32768K,   0% used [0x000000068c000000, 0x000000068e000000)
AC   0  S CS TS    23 PTAMS 0x000000068e000000 NTAMS 0x000000068e000000 space 32768K, 100% used [0x000000068e000000, 0x0000000690000000)
AC   0  F    TS    21 PTAMS 0x0000000690000000 NTAMS 0x0000000690000000 space 32768K,   0% used [0x0000000690000000, 0x0000000692000000)
AC   0  E    TS    11 PTAMS 0x0000000692000000 NTAMS 0x0000000692000000 space 32768K,  35% used [0x0000000692000000, 0x0000000694000000)
AC   0  E CS TS    11 PTAMS 0x0000000694000000 NTAMS 0x0000000694000000 space 32768K, 100% used [0x0000000694000000, 0x0000000696000000)
AC   0  E CS TS    11 PTAMS 0x0000000696000000 NTAMS 0x0000000696000000 space 32768K, 100% used [0x0000000696000000, 0x0000000698000000)

Card table byte_map: [0x00000000141b0000,0x00000000154b0000] byte_map_base: 0x00000000116b0000

Marking Bits (Prev, Next): (CMBitMap*) 0x0000000002cce870, (CMBitMap*) 0x0000000002cce818
 Prev Bits: [0x000000001ffb0000, 0x00000000297b0000)
 Next Bits: [0x00000000167b0000, 0x000000001ffb0000)

Polling page: 0x0000000001240000

CodeCache: size=245760Kb used=25384Kb max_used=26108Kb free=220375Kb
 bounds [0x0000000002db0000, 0x0000000004760000, 0x0000000011db0000]
 total_blobs=7487 nmethods=6572 adapters=827
 compilation: enabled

Compilation events (10 events):
Event: 59.614 Thread 0x000000002d42e800 nmethod 9438 0x0000000003a1b350 code [0x0000000003a1b4e0, 0x0000000003a1b898]
Event: 59.614 Thread 0x000000002d42e800 9439       3       com.google.gson.Gson::fromJson (20 bytes)
Event: 59.614 Thread 0x000000002d42e800 nmethod 9439 0x00000000036d5950 code [0x00000000036d5ac0, 0x00000000036d5db8]
Event: 59.614 Thread 0x000000002d42e800 9440       3       com.google.gson.internal.bind.JsonTreeReader::<init> (44 bytes)
Event: 59.615 Thread 0x000000002d42e800 nmethod 9440 0x000000000335f910 code [0x000000000335faa0, 0x000000000335ff58]
Event: 59.615 Thread 0x000000002d42e800 9441       1       com.google.gson.internal.bind.TreeTypeAdapter::access$100 (5 bytes)
Event: 59.615 Thread 0x000000002d42e800 nmethod 9441 0x0000000003d03cd0 code [0x0000000003d03e20, 0x0000000003d03f10]
Event: 59.621 Thread 0x000000002d42e800 9442       1       java.lang.Throwable::getMessage (5 bytes)
Event: 59.622 Thread 0x000000002d42e800 nmethod 9442 0x0000000003792050 code [0x00000000037921a0, 0x00000000037922b0]
Event: 59.629 Thread 0x000000002d3ea800 nmethod 9436 0x0000000003d78890 code [0x0000000003d78ac0, 0x0000000003d796e8]

GC Heap History (10 events):
Event: 57.001 GC heap before
{Heap before GC invocations=114 (full 0):
 garbage-first heap   total 5111808K, used 496856K [0x0000000560000000, 0x00000005620004e0, 0x00000007c0000000)
  region size 32768K, 4 young (131072K), 1 survivors (32768K)
 Metaspace       used 79295K, capacity 80857K, committed 81408K, reserved 1118208K
  class space    used 12627K, capacity 13229K, committed 13312K, reserved 1048576K
Event: 57.036 GC heap after
Heap after GC invocations=115 (full 0):
 garbage-first heap   total 5111808K, used 412667K [0x0000000560000000, 0x00000005620004e0, 0x00000007c0000000)
  region size 32768K, 1 young (32768K), 1 survivors (32768K)
 Metaspace       used 79295K, capacity 80857K, committed 81408K, reserved 1118208K
  class space    used 12627K, capacity 13229K, committed 13312K, reserved 1048576K
}
Event: 58.177 GC heap before
{Heap before GC invocations=115 (full 0):
 garbage-first heap   total 5111808K, used 510971K [0x0000000560000000, 0x00000005620004e0, 0x00000007c0000000)
  region size 32768K, 4 young (131072K), 1 survivors (32768K)
 Metaspace       used 79314K, capacity 80857K, committed 81408K, reserved 1118208K
  class space    used 12628K, capacity 13229K, committed 13312K, reserved 1048576K
Event: 58.206 GC heap after
Heap after GC invocations=116 (full 0):
 garbage-first heap   total 5111808K, used 413829K [0x0000000560000000, 0x00000005620004e0, 0x00000007c0000000)
  region size 32768K, 1 young (32768K), 1 survivors (32768K)
 Metaspace       used 79314K, capacity 80857K, committed 81408K, reserved 1118208K
  class space    used 12628K, capacity 13229K, committed 13312K, reserved 1048576K
}
Event: 58.639 GC heap before
{Heap before GC invocations=116 (full 0):
 garbage-first heap   total 5111808K, used 512133K [0x0000000560000000, 0x00000005620004e0, 0x00000007c0000000)
  region size 32768K, 4 young (131072K), 1 survivors (32768K)
 Metaspace       used 79314K, capacity 80857K, committed 81408K, reserved 1118208K
  class space    used 12628K, capacity 13229K, committed 13312K, reserved 1048576K
Event: 58.687 GC heap after
Heap after GC invocations=117 (full 0):
 garbage-first heap   total 5111808K, used 467734K [0x0000000560000000, 0x00000005620004e0, 0x00000007c0000000)
  region size 32768K, 1 young (32768K), 1 survivors (32768K)
 Metaspace       used 79314K, capacity 80857K, committed 81408K, reserved 1118208K
  class space    used 12628K, capacity 13229K, committed 13312K, reserved 1048576K
}
Event: 58.848 GC heap before
{Heap before GC invocations=117 (full 0):
 garbage-first heap   total 5111808K, used 566038K [0x0000000560000000, 0x00000005620004e0, 0x00000007c0000000)
  region size 32768K, 4 young (131072K), 1 survivors (32768K)
 Metaspace       used 79314K, capacity 80857K, committed 81408K, reserved 1118208K
  class space    used 12628K, capacity 13229K, committed 13312K, reserved 1048576K
Event: 58.907 GC heap after
Heap after GC invocations=118 (full 0):
 garbage-first heap   total 5111808K, used 602934K [0x0000000560000000, 0x00000005620004e0, 0x00000007c0000000)
  region size 32768K, 1 young (32768K), 1 survivors (32768K)
 Metaspace       used 79314K, capacity 80857K, committed 81408K, reserved 1118208K
  class space    used 12628K, capacity 13229K, committed 13312K, reserved 1048576K
}
Event: 59.247 GC heap before
{Heap before GC invocations=118 (full 0):
 garbage-first heap   total 5111808K, used 734006K [0x0000000560000000, 0x00000005620004e0, 0x00000007c0000000)
  region size 32768K, 4 young (131072K), 1 survivors (32768K)
 Metaspace       used 79345K, capacity 80857K, committed 81408K, reserved 1118208K
  class space    used 12630K, capacity 13229K, committed 13312K, reserved 1048576K
Event: 59.333 GC heap after
Heap after GC invocations=119 (full 0):
 garbage-first heap   total 5111808K, used 720896K [0x0000000560000000, 0x00000005620004e0, 0x00000007c0000000)
  region size 32768K, 1 young (32768K), 1 survivors (32768K)
 Metaspace       used 79345K, capacity 80857K, committed 81408K, reserved 1118208K
  class space    used 12630K, capacity 13229K, committed 13312K, reserved 1048576K
}

Deoptimization events (10 events):
Event: 59.216 Thread 0x0000000002c54000 Uncommon trap: reason=bimorphic action=maybe_recompile pc=0x000000000472598c method=net.minecraft.client.resources.SimpleResource.close()V @ 4
Event: 59.220 Thread 0x0000000002c54000 Uncommon trap: reason=bimorphic action=maybe_recompile pc=0x000000000472598c method=net.minecraft.client.resources.SimpleResource.close()V @ 4
Event: 59.341 Thread 0x0000000002c54000 Uncommon trap: reason=bimorphic action=maybe_recompile pc=0x000000000472598c method=net.minecraft.client.resources.SimpleResource.close()V @ 4
Event: 59.346 Thread 0x0000000002c54000 Uncommon trap: reason=bimorphic action=maybe_recompile pc=0x000000000472598c method=net.minecraft.client.resources.SimpleResource.close()V @ 4
Event: 59.389 Thread 0x0000000002c54000 Uncommon trap: reason=unstable_if action=reinterpret pc=0x00000000038d2e5c method=net.minecraft.client.renderer.GlStateManager$BooleanState.func_179199_a(Z)V @ 5
Event: 59.622 Thread 0x0000000002c54000 Uncommon trap: reason=class_check action=maybe_recompile pc=0x0000000003d6d3f8 method=com.google.common.collect.Lists.newArrayList(Ljava/lang/Iterable;)Ljava/util/ArrayList; @ 27
Event: 59.622 Thread 0x0000000002c54000 Uncommon trap: reason=class_check action=maybe_recompile pc=0x0000000004720670 method=net.minecraft.util.ResourceLocation.equals(Ljava/lang/Object;)Z @ 8
Event: 59.622 Thread 0x0000000002c54000 Uncommon trap: reason=class_check action=maybe_recompile pc=0x0000000004720670 method=net.minecraft.util.ResourceLocation.equals(Ljava/lang/Object;)Z @ 8
Event: 59.622 Thread 0x0000000002c54000 Uncommon trap: reason=class_check action=maybe_recompile pc=0x0000000004720670 method=net.minecraft.util.ResourceLocation.equals(Ljava/lang/Object;)Z @ 8
Event: 59.622 Thread 0x0000000002c54000 Uncommon trap: reason=class_check action=maybe_recompile pc=0x0000000004720670 method=net.minecraft.util.ResourceLocation.equals(Ljava/lang/Object;)Z @ 8

Internal exceptions (10 events):
Event: 59.368 Thread 0x0000000002c54000 Exception <a 'java/io/IOException'> (0x000000069620ee70) thrown at [C:\re\workspace\8-2-build-windows-amd64-cygwin\jdk8u51\3951\hotspot\src\share\vm\prims\jni.cpp, line 709]
Event: 59.378 Thread 0x0000000002c54000 Exception <a 'java/io/IOException'> (0x00000006965f5a50) thrown at [C:\re\workspace\8-2-build-windows-amd64-cygwin\jdk8u51\3951\hotspot\src\share\vm\prims\jni.cpp, line 709]
Event: 59.380 Thread 0x0000000002c54000 Exception <a 'java/io/IOException'> (0x000000069660bfc8) thrown at [C:\re\workspace\8-2-build-windows-amd64-cygwin\jdk8u51\3951\hotspot\src\share\vm\prims\jni.cpp, line 709]
Event: 59.576 Thread 0x0000000030abf000 Exception <a 'java/lang/InterruptedException': sleep interrupted> (0x0000000696462ad0) thrown at [C:\re\workspace\8-2-build-windows-amd64-cygwin\jdk8u51\3951\hotspot\src\share\vm\prims\jvm.cpp, line 3211]
Event: 59.621 Thread 0x0000000030abf000 Exception <a 'java/security/PrivilegedActionException'> (0x0000000695ae4968) thrown at [C:\re\workspace\8-2-build-windows-amd64-cygwin\jdk8u51\3951\hotspot\src\share\vm\prims\jvm.cpp, line 1382]
Event: 59.621 Thread 0x0000000030abf000 Exception <a 'java/security/PrivilegedActionException'> (0x0000000695ae5d28) thrown at [C:\re\workspace\8-2-build-windows-amd64-cygwin\jdk8u51\3951\hotspot\src\share\vm\prims\jvm.cpp, line 1382]
Event: 59.621 Thread 0x0000000030abf000 Exception <a 'java/security/PrivilegedActionException'> (0x0000000695ae76c8) thrown at [C:\re\workspace\8-2-build-windows-amd64-cygwin\jdk8u51\3951\hotspot\src\share\vm\prims\jvm.cpp, line 1382]
Event: 59.621 Thread 0x0000000030abf000 Exception <a 'java/security/PrivilegedActionException'> (0x0000000695ae8d98) thrown at [C:\re\workspace\8-2-build-windows-amd64-cygwin\jdk8u51\3951\hotspot\src\share\vm\prims\jvm.cpp, line 1382]
Event: 59.621 Thread 0x0000000030abf000 Exception <a 'java/security/PrivilegedActionException'> (0x0000000695aea0e0) thrown at [C:\re\workspace\8-2-build-windows-amd64-cygwin\jdk8u51\3951\hotspot\src\share\vm\prims\jvm.cpp, line 1382]
Event: 59.621 Thread 0x0000000030abf000 Exception <a 'java/security/PrivilegedActionException'> (0x0000000695aeb588) thrown at [C:\re\workspace\8-2-build-windows-amd64-cygwin\jdk8u51\3951\hotspot\src\share\vm\prims\jvm.cpp, line 1382]

Events (10 events):
Event: 59.652 loading class org/lwjgl/openal/ALCdevice
Event: 59.652 loading class org/lwjgl/openal/ALCdevice done
Event: 59.653 loading class net/minecraftforge/client/model/ModelLoader$VanillaModelWrapper
Event: 59.653 loading class net/minecraftforge/client/model/ModelLoader$VanillaModelWrapper done
Event: 59.653 loading class org/lwjgl/openal/ALCcontext
Event: 59.653 loading class org/lwjgl/openal/ALCcontext done
Event: 59.654 loading class org/lwjgl/openal/Util
Event: 59.654 loading class org/lwjgl/openal/Util done
Event: 59.654 loading class org/lwjgl/openal/OpenALException
Event: 59.654 loading class org/lwjgl/openal/OpenALException done


Dynamic libraries:
0x00007ff6ff040000 - 0x00007ff6ff077000 	C:\Users\Bence\AppData\Roaming\.minecraft\runtime\jre-legacy\windows\jre-legacy\bin\javaw.exe
0x00007ffd36350000 - 0x00007ffd36545000 	C:\WINDOWS\SYSTEM32\ntdll.dll
0x00007ffd35aa0000 - 0x00007ffd35b5e000 	C:\WINDOWS\System32\KERNEL32.DLL
0x00007ffd33a90000 - 0x00007ffd33d58000 	C:\WINDOWS\System32\KERNELBASE.dll
0x00007ffd36170000 - 0x00007ffd3621e000 	C:\WINDOWS\System32\ADVAPI32.dll
0x00007ffd35180000 - 0x00007ffd3521e000 	C:\WINDOWS\System32\msvcrt.dll
0x00007ffd35220000 - 0x00007ffd352bc000 	C:\WINDOWS\System32\sechost.dll
0x00007ffd35ce0000 - 0x00007ffd35e05000 	C:\WINDOWS\System32\RPCRT4.dll
0x00007ffd35360000 - 0x00007ffd35501000 	C:\WINDOWS\System32\USER32.dll
0x00007ffd34360000 - 0x00007ffd34382000 	C:\WINDOWS\System32\win32u.dll
0x00007ffd35320000 - 0x00007ffd3534b000 	C:\WINDOWS\System32\GDI32.dll
0x00007ffd340a0000 - 0x00007ffd341ad000 	C:\WINDOWS\System32\gdi32full.dll
0x00007ffd33e10000 - 0x00007ffd33ead000 	C:\WINDOWS\System32\msvcp_win.dll
0x00007ffd34200000 - 0x00007ffd34300000 	C:\WINDOWS\System32\ucrtbase.dll
0x00007ffd1ee60000 - 0x00007ffd1f0fa000 	C:\WINDOWS\WinSxS\amd64_microsoft.windows.common-controls_6595b64144ccf1df_6.0.19041.1110_none_60b5254171f9507e\COMCTL32.dll
0x00007ffd35cb0000 - 0x00007ffd35ce0000 	C:\WINDOWS\System32\IMM32.DLL
0x0000000066e30000 - 0x0000000066f02000 	C:\Users\Bence\AppData\Roaming\.minecraft\runtime\jre-legacy\windows\jre-legacy\bin\msvcr100.dll
0x00000000665a0000 - 0x0000000066e23000 	C:\Users\Bence\AppData\Roaming\.minecraft\runtime\jre-legacy\windows\jre-legacy\bin\server\jvm.dll
0x00007ffd35350000 - 0x00007ffd35358000 	C:\WINDOWS\System32\PSAPI.DLL
0x00007ffd1f8c0000 - 0x00007ffd1f8c9000 	C:\WINDOWS\SYSTEM32\WSOCK32.dll
0x00007ffd35c40000 - 0x00007ffd35cab000 	C:\WINDOWS\System32\WS2_32.dll
0x00007ffd2aaf0000 - 0x00007ffd2ab17000 	C:\WINDOWS\SYSTEM32\WINMM.dll
0x00007ffd2b800000 - 0x00007ffd2b80a000 	C:\WINDOWS\SYSTEM32\VERSION.dll
0x0000000066590000 - 0x000000006659f000 	C:\Users\Bence\AppData\Roaming\.minecraft\runtime\jre-legacy\windows\jre-legacy\bin\verify.dll
0x0000000066560000 - 0x0000000066589000 	C:\Users\Bence\AppData\Roaming\.minecraft\runtime\jre-legacy\windows\jre-legacy\bin\java.dll
0x0000000066540000 - 0x0000000066556000 	C:\Users\Bence\AppData\Roaming\.minecraft\runtime\jre-legacy\windows\jre-legacy\bin\zip.dll
0x00007ffd34a30000 - 0x00007ffd35174000 	C:\WINDOWS\System32\SHELL32.dll
0x00007ffd31b70000 - 0x00007ffd32305000 	C:\WINDOWS\SYSTEM32\windows.storage.dll
0x00007ffd35e10000 - 0x00007ffd36165000 	C:\WINDOWS\System32\combase.dll
0x00007ffd33440000 - 0x00007ffd3346e000 	C:\WINDOWS\SYSTEM32\Wldp.dll
0x00007ffd34920000 - 0x00007ffd349cd000 	C:\WINDOWS\System32\SHCORE.dll
0x00007ffd36220000 - 0x00007ffd36275000 	C:\WINDOWS\System32\shlwapi.dll
0x00007ffd339a0000 - 0x00007ffd339bf000 	C:\WINDOWS\SYSTEM32\profapi.dll
0x0000000066530000 - 0x000000006653d000 	C:\Users\Bence\AppData\Roaming\.minecraft\runtime\jre-legacy\windows\jre-legacy\bin\management.dll
0x0000000066510000 - 0x000000006652a000 	C:\Users\Bence\AppData\Roaming\.minecraft\runtime\jre-legacy\windows\jre-legacy\bin\net.dll
0x00007ffd33140000 - 0x00007ffd331aa000 	C:\WINDOWS\system32\mswsock.dll
0x00007ffd18e60000 - 0x00007ffd18e77000 	C:\WINDOWS\system32\napinsp.dll
0x00007ffd18ca0000 - 0x00007ffd18cbb000 	C:\WINDOWS\system32\pnrpnsp.dll
0x00007ffd16420000 - 0x00007ffd16435000 	C:\WINDOWS\system32\wshbth.dll
0x00007ffd2f430000 - 0x00007ffd2f44d000 	C:\WINDOWS\system32\NLAapi.dll
0x00007ffd32e30000 - 0x00007ffd32e6b000 	C:\WINDOWS\SYSTEM32\IPHLPAPI.DLL
0x00007ffd32e80000 - 0x00007ffd32f4b000 	C:\WINDOWS\SYSTEM32\DNSAPI.dll
0x00007ffd35b60000 - 0x00007ffd35b68000 	C:\WINDOWS\System32\NSI.dll
0x00007ffd2e360000 - 0x00007ffd2e372000 	C:\WINDOWS\System32\winrnr.dll
0x00007ffd2c230000 - 0x00007ffd2c2af000 	C:\WINDOWS\System32\fwpuclnt.dll
0x00007ffd33a60000 - 0x00007ffd33a87000 	C:\WINDOWS\System32\bcrypt.dll
0x00007ffd2c2b0000 - 0x00007ffd2c2ba000 	C:\Windows\System32\rasadhlp.dll
0x00000000664f0000 - 0x0000000066501000 	C:\Users\Bence\AppData\Roaming\.minecraft\runtime\jre-legacy\windows\jre-legacy\bin\nio.dll
0x00000000664c0000 - 0x00000000664e4000 	C:\Users\Bence\AppData\Roaming\.minecraft\runtime\jre-legacy\windows\jre-legacy\bin\sunec.dll
0x00007ffd33390000 - 0x00007ffd333a8000 	C:\WINDOWS\SYSTEM32\CRYPTSP.dll
0x00007ffd32ac0000 - 0x00007ffd32af4000 	C:\WINDOWS\system32\rsaenh.dll
0x00007ffd33920000 - 0x00007ffd3394e000 	C:\WINDOWS\SYSTEM32\USERENV.dll
0x00007ffd33eb0000 - 0x00007ffd33f32000 	C:\WINDOWS\System32\bcryptprimitives.dll
0x00007ffd333b0000 - 0x00007ffd333bc000 	C:\WINDOWS\SYSTEM32\CRYPTBASE.dll
0x00007ffd2e030000 - 0x00007ffd2e047000 	C:\WINDOWS\SYSTEM32\dhcpcsvc6.DLL
0x00007ffd2e010000 - 0x00007ffd2e02d000 	C:\WINDOWS\SYSTEM32\dhcpcsvc.DLL
0x00000000664a0000 - 0x00000000664b7000 	C:\Users\Bence\AppData\Roaming\.minecraft\runtime\jre-legacy\windows\jre-legacy\bin\unpack.dll
0x0000000180000000 - 0x0000000180053000 	C:\Users\Bence\AppData\Roaming\.minecraft\versions\Mixath kalmann\natives\lwjgl64.dll
0x00007ffcf8e70000 - 0x00007ffcf8f95000 	C:\WINDOWS\SYSTEM32\OPENGL32.dll
0x00007ffcf8da0000 - 0x00007ffcf8dcc000 	C:\WINDOWS\SYSTEM32\GLU32.dll
0x0000000066300000 - 0x0000000066498000 	C:\Users\Bence\AppData\Roaming\.minecraft\runtime\jre-legacy\windows\jre-legacy\bin\awt.dll
0x00007ffd35b70000 - 0x00007ffd35c3d000 	C:\WINDOWS\System32\OLEAUT32.dll
0x00007ffd312b0000 - 0x00007ffd31340000 	C:\WINDOWS\SYSTEM32\apphelp.dll
0x00007ffd2db50000 - 0x00007ffd2dbfe000 	C:\WINDOWS\SYSTEM32\mscms.dll
0x00007ffd2dce0000 - 0x00007ffd2dcf1000 	C:\WINDOWS\SYSTEM32\ColorAdapterClient.dll
0x00007ffd31970000 - 0x00007ffd31982000 	C:\WINDOWS\SYSTEM32\kernel.appcore.dll
0x00007ffd314b0000 - 0x00007ffd3154e000 	C:\WINDOWS\system32\uxtheme.dll
0x00007ffd35570000 - 0x00007ffd35685000 	C:\WINDOWS\System32\MSCTF.dll
0x00007ffd28d20000 - 0x00007ffd28e19000 	C:\WINDOWS\SYSTEM32\textinputframework.dll
0x00007ffd30770000 - 0x00007ffd30ace000 	C:\WINDOWS\System32\CoreUIComponents.dll
0x00007ffd30f90000 - 0x00007ffd31082000 	C:\WINDOWS\System32\CoreMessaging.dll
0x00007ffd32750000 - 0x00007ffd32783000 	C:\WINDOWS\SYSTEM32\ntmarta.dll
0x00007ffd30190000 - 0x00007ffd302e4000 	C:\WINDOWS\SYSTEM32\wintypes.dll
0x00007ffd358c0000 - 0x00007ffd359ea000 	C:\WINDOWS\System32\ole32.dll
0x00007ffd359f0000 - 0x00007ffd35a99000 	C:\WINDOWS\System32\clbcatq.dll
0x00000000640c0000 - 0x00000000662fd000 	C:\WINDOWS\System32\DriverStore\FileRepository\nv_ref_pubwu.inf_amd64_708ec8f9a4d134c6\nvoglv64.dll
0x00007ffd343b0000 - 0x00007ffd34822000 	C:\WINDOWS\System32\SETUPAPI.dll
0x00007ffd341b0000 - 0x00007ffd341fe000 	C:\WINDOWS\System32\cfgmgr32.dll
0x00007ffd30560000 - 0x00007ffd30574000 	C:\WINDOWS\SYSTEM32\WTSAPI32.dll
0x00007ffd31860000 - 0x00007ffd3188f000 	C:\WINDOWS\system32\dwmapi.dll
0x00007ffd2be00000 - 0x00007ffd2be3b000 	C:\WINDOWS\SYSTEM32\dxcore.dll
0x00007ffd056b0000 - 0x00007ffd05973000 	C:\WINDOWS\system32\nvspcap64.dll
0x00007ffd2d140000 - 0x00007ffd2d183000 	C:\WINDOWS\SYSTEM32\icm32.dll
0x00007ffd33820000 - 0x00007ffd3386b000 	C:\WINDOWS\SYSTEM32\powrprof.dll
0x00007ffd33800000 - 0x00007ffd33812000 	C:\WINDOWS\SYSTEM32\UMPDC.dll
0x00007ffd33210000 - 0x00007ffd3326a000 	C:\WINDOWS\SYSTEM32\WINSTA.dll
0x00007ffd16780000 - 0x00007ffd167c2000 	C:\Users\Bence\AppData\Local\Temp\jna-64070157\jna8365718461023702661.dll
0x00007ffd13940000 - 0x00007ffd139dc000 	C:\Users\Bence\AppData\Local\Temp\discord-rpc\discord-rpc.dll
0x0000000034e30000 - 0x0000000034e94000 	C:\Users\Bence\AppData\Roaming\.minecraft\versions\Mixath kalmann\natives\OpenAL64.dll
0x00007ffcffa20000 - 0x00007ffcffabc000 	C:\WINDOWS\SYSTEM32\dsound.dll
0x00007ffd13590000 - 0x00007ffd135b6000 	C:\WINDOWS\SYSTEM32\winmmbase.dll
0x00007ffd28850000 - 0x00007ffd288d5000 	C:\WINDOWS\System32\MMDevApi.dll
0x00007ffd335e0000 - 0x00007ffd33614000 	C:\WINDOWS\System32\DEVOBJ.dll
0x00007ffd0ac90000 - 0x00007ffd0ae11000 	C:\WINDOWS\SYSTEM32\AUDIOSES.DLL
0x00007ffd1ce20000 - 0x00007ffd1d004000 	C:\WINDOWS\SYSTEM32\dbghelp.dll

VM Arguments:
jvm_args: -Dos.name=Windows 10 -Dos.version=10.0 -Djava.library.path=C:\Users\Bence\AppData\Roaming\.minecraft\versions\Mixath kalmann\natives -Xmn128M -Xmx9725M -XX:+UnlockExperimentalVMOptions -XX:+UseG1GC -XX:G1NewSizePercent=20 -XX:G1ReservePercent=20 -XX:MaxGCPauseMillis=50 -XX:G1HeapRegionSize=32M -Dfml.ignoreInvalidMinecraftCertificates=true -Dfml.ignorePatchDiscrepancies=true -Djava.net.preferIPv4Stack=true -Dminecraft.applet.TargetDirectory=C:\Users\Bence\AppData\Roaming\.minecraft\versions\Mixath kalmann -Dlog4j.configurationFile=C:\Users\Bence\AppData\Roaming\.minecraft\assets\log_configs\client-1.12.xml -DLibLoader.modsFolder=C:\Users\Bence\AppData\Roaming\.minecraft\versions\Mixath kalmann\mods 
java_command: net.minecraft.launchwrapper.Launch --username linuxmester --version Mixath kalmann --gameDir C:\Users\Bence\AppData\Roaming\.minecraft\versions\Mixath kalmann --assetsDir C:\Users\Bence\AppData\Roaming\.minecraft\assets --assetIndex 1.12 --uuid d3f8722eaad04854ac27a61909990173 --accessToken null --userType mojang --tweakClass net.minecraftforge.fml.common.launcher.FMLTweaker --versionType Forge --width 925 --height 530
java_class_path (initial): C:\Users\Bence\AppData\Roaming\.minecraft\libraries\net\minecraftforge\forge\1.12.2-14.23.5.2860\forge-1.12.2-14.23.5.2860.jar;C:\Users\Bence\AppData\Roaming\.minecraft\libraries\org\ow2\asm\asm-debug-all\5.2\asm-debug-all-5.2.jar;C:\Users\Bence\AppData\Roaming\.minecraft\libraries\net\minecraft\launchwrapper\1.12\launchwrapper-1.12.jar;C:\Users\Bence\AppData\Roaming\.minecraft\libraries\org\jline\jline\3.5.1\jline-3.5.1.jar;C:\Users\Bence\AppData\Roaming\.minecraft\libraries\com\typesafe\akka\akka-actor_2.11\2.3.3\akka-actor_2.11-2.3.3.jar;C:\Users\Bence\AppData\Roaming\.minecraft\libraries\com\typesafe\config\1.2.1\config-1.2.1.jar;C:\Users\Bence\AppData\Roaming\.minecraft\libraries\org\scala-lang\scala-actors-migration_2.11\1.1.0\scala-actors-migration_2.11-1.1.0.jar;C:\Users\Bence\AppData\Roaming\.minecraft\libraries\org\scala-lang\scala-compiler\2.11.1\scala-compiler-2.11.1.jar;C:\Users\Bence\AppData\Roaming\.minecraft\libraries\org\scala-lang\plugins\scala-continuations-library_2.11\1.0.2_mc\scala-continuations-library_2.11-1.0.2_mc.jar;C:\Users\Bence\AppData\Roaming\.minecraft\libraries\org\scala-lang\plugins\scala-continuations-plugin_2.11.1\1.0.2_mc\scala-continuations-plugin_2.11.1-1.0.2_mc.jar;C:\Users\Bence\AppData\Roaming\.minecraft\libraries\org\scala-lang\scala-library\2.11.1\scala-library-2.11.1.jar;C:\Users\Bence\AppData\Roaming\.minecraft\libraries\org\scala-lang\scala-parser-combinators_2.11\1.0.1\scala-parser-combinators_2.11-1.0.1.jar;C:\Users\Bence\AppData\Roaming\.minecraft\libraries\org\scala-lang\scala-reflect\2.11.1\scala-reflect-2.11.1.jar;C:\Users\Bence\AppData\Roaming\.minecraft\libraries\org\scala-lang\scala-swing_2.11\1.0.1\scala-swing_2.11-1.0.1.jar;C:\Users\Bence\AppData\Roaming\.minecraft\libraries\org\scala-lang\scala-xml_2.11\1.0.2\scala-xml_2.11-1.0.2.jar;C:\Users\Bence\AppData\Roaming\.minecraft\libraries\lzma\lzma\0.0.1\lzma-0.0.1.jar;C:\Users\Bence\AppData\Roaming\.minecraft\libraries\java3d\vecmat
Launcher Type: SUN_STANDARD

Environment Variables:
PATH=C:\Program Files (x86)\Common Files\Oracle\Java\javapath;C:\WINDOWS\system32;C:\WINDOWS;C:\WINDOWS\System32\Wbem;C:\WINDOWS\System32\WindowsPowerShell\v1.0\;C:\WINDOWS\System32\OpenSSH\;C:\Program Files (x86)\ATI Technologies\ATI.ACE\Core-Static;C:\Program Files (x86)\Common Files\Acronis\VirtualFile\;C:\Program Files (x86)\Common Files\Acronis\VirtualFile64\;C:\Program Files (x86)\Common Files\Acronis\FileProtector\;C:\Program Files (x86)\Common Files\Acronis\FileProtector64\;C:\Program Files (x86)\Common Files\Acronis\SnapAPI\;C:\Program Files\NVIDIA Corporation\NVIDIA NvDLISR;C:\WINDOWS\system32;C:\WINDOWS;C:\WINDOWS\System32\Wbem;C:\WINDOWS\System32\WindowsPowerShell\v1.0\;C:\WINDOWS\System32\OpenSSH\;C:\Program Files (x86)\NVIDIA Corporation\PhysX\Common;C:\Users\Bence\AppData\Local\Microsoft\WindowsApps;;C:\Program Files\Java\jre1.8.0_261\bin
USERNAME=Bence
OS=Windows_NT
PROCESSOR_IDENTIFIER=AMD64 Family 16 Model 5 Stepping 3, AuthenticAMD



---------------  S Y S T E M  ---------------

OS: Windows 10.0 , 64 bit Build 19041 (10.0.19041.1466)

CPU:total 4 (4 cores per cpu, 1 threads per core) family 16 model 5 stepping 3, cmov, cx8, fxsr, mmx, sse, sse2, sse3, popcnt, mmxext, 3dnowpref, lzcnt, sse4a, tsc, tscinvbit, tscinv

Memory: 4k page, physical 16250976k(8788324k free), swap 20445280k(8067436k free)

vm_info: Java HotSpot(TM) 64-Bit Server VM (25.51-b03) for windows-amd64 JRE (1.8.0_51-b16), built on Jun  8 2015 18:03:07 by "java_re" with MS VC++ 10.0 (VS2010)

time: Mon Feb 07 18:49:00 2022
elapsed time: 59 seconds (0d 0h 0m 59s)

